Using pre-set license
Built from '2021.3/staging' branch; Version is '2021.3.26f1 (a16dc32e0ff2) revision 10579395'; Using compiler version '192829333'; Build Type 'Release'
OS: 'Windows 10  (10.0.19045) 64bit Professional' Language: 'en' Physical Memory: 32656 MB
BatchMode: 1, IsHumanControllingUs: 0, StartBugReporterOnCrash: 0, Is64bit: 1, IsPro: 1

COMMAND LINE ARGUMENTS:
C:\Program Files\Unity\Hub\Editor\2021.3.26f1\Editor\Unity.exe
-adb2
-batchMode
-noUpm
-name
AssetImportWorker5
-projectPath
C:/Users/wotma/OneDrive/Documents/GitHub/RumRumble/VesselVictoryURP
-logFile
Logs/AssetImportWorker5.log
-srvPort
55554
Successfully changed project path to: C:/Users/wotma/OneDrive/Documents/GitHub/RumRumble/VesselVictoryURP
C:/Users/wotma/OneDrive/Documents/GitHub/RumRumble/VesselVictoryURP
[UnityMemory] Configuration Parameters - Can be set up in boot.config
    "memorysetup-bucket-allocator-granularity=16"
    "memorysetup-bucket-allocator-bucket-count=8"
    "memorysetup-bucket-allocator-block-size=33554432"
    "memorysetup-bucket-allocator-block-count=8"
    "memorysetup-main-allocator-block-size=16777216"
    "memorysetup-thread-allocator-block-size=16777216"
    "memorysetup-gfx-main-allocator-block-size=16777216"
    "memorysetup-gfx-thread-allocator-block-size=16777216"
    "memorysetup-cache-allocator-block-size=4194304"
    "memorysetup-typetree-allocator-block-size=2097152"
    "memorysetup-profiler-bucket-allocator-granularity=16"
    "memorysetup-profiler-bucket-allocator-bucket-count=8"
    "memorysetup-profiler-bucket-allocator-block-size=33554432"
    "memorysetup-profiler-bucket-allocator-block-count=8"
    "memorysetup-profiler-allocator-block-size=16777216"
    "memorysetup-profiler-editor-allocator-block-size=1048576"
    "memorysetup-temp-allocator-size-main=16777216"
    "memorysetup-job-temp-allocator-block-size=2097152"
    "memorysetup-job-temp-allocator-block-size-background=1048576"
    "memorysetup-job-temp-allocator-reduction-small-platforms=262144"
    "memorysetup-temp-allocator-size-background-worker=32768"
    "memorysetup-temp-allocator-size-job-worker=262144"
    "memorysetup-temp-allocator-size-preload-manager=33554432"
    "memorysetup-temp-allocator-size-nav-mesh-worker=65536"
    "memorysetup-temp-allocator-size-audio-worker=65536"
    "memorysetup-temp-allocator-size-cloud-worker=32768"
    "memorysetup-temp-allocator-size-gi-baking-worker=262144"
    "memorysetup-temp-allocator-size-gfx=262144"
Player connection [16048] Host "[IP] 172.20.10.3 [Port] 0 [Flags] 2 [Guid] 4257323812 [EditorId] 4257323812 [Version] 1048832 [Id] WindowsEditor(7,DESKTOP-4FE6QCV) [Debug] 1 [PackageName] WindowsEditor [ProjectName] Editor" joined multi-casting on [225.0.0.222:54997]...

Player connection [16048] Host "[IP] 172.20.10.3 [Port] 0 [Flags] 2 [Guid] 4257323812 [EditorId] 4257323812 [Version] 1048832 [Id] WindowsEditor(7,DESKTOP-4FE6QCV) [Debug] 1 [PackageName] WindowsEditor [ProjectName] Editor" joined alternative multi-casting on [225.0.0.222:34997]...

Refreshing native plugins compatible for Editor in 101.70 ms, found 3 plugins.
Preloading 0 native plugins for Editor in 0.00 ms.
Initialize engine version: 2021.3.26f1 (a16dc32e0ff2)
[Subsystems] Discovering subsystems at path C:/Program Files/Unity/Hub/Editor/2021.3.26f1/Editor/Data/Resources/UnitySubsystems
[Subsystems] Discovering subsystems at path C:/Users/wotma/OneDrive/Documents/GitHub/RumRumble/VesselVictoryURP/Assets
GfxDevice: creating device client; threaded=0; jobified=0
Direct3D:
    Version:  Direct3D 11.0 [level 11.1]
    Renderer: NVIDIA GeForce RTX 4070 Ti (ID=0x2782)
    Vendor:   NVIDIA
    VRAM:     12010 MB
    Driver:   31.0.15.3598
Initialize mono
Mono path[0] = 'C:/Program Files/Unity/Hub/Editor/2021.3.26f1/Editor/Data/Managed'
Mono path[1] = 'C:/Program Files/Unity/Hub/Editor/2021.3.26f1/Editor/Data/MonoBleedingEdge/lib/mono/unityjit-win32'
Mono config path = 'C:/Program Files/Unity/Hub/Editor/2021.3.26f1/Editor/Data/MonoBleedingEdge/etc'
Using monoOptions --debugger-agent=transport=dt_socket,embedding=1,server=y,suspend=n,address=127.0.0.1:56712
Begin MonoManager ReloadAssembly
Registering precompiled unity dll's ...
Register platform support module: C:/Program Files/Unity/Hub/Editor/2021.3.26f1/Editor/Data/PlaybackEngines/WindowsStandaloneSupport/UnityEditor.WindowsStandalone.Extensions.dll
Registered in 0.006910 seconds.
Native extension for WindowsStandalone target not found
Refreshing native plugins compatible for Editor in 103.78 ms, found 3 plugins.
Preloading 0 native plugins for Editor in 0.00 ms.
Mono: successfully reloaded assembly
- Completed reload, in  0.668 seconds
Domain Reload Profiling:
	ReloadAssembly (668ms)
		BeginReloadAssembly (86ms)
			ExecutionOrderSort (0ms)
			DisableScriptedObjects (0ms)
			BackupInstance (0ms)
			ReleaseScriptingObjects (0ms)
			CreateAndSetChildDomain (1ms)
		EndReloadAssembly (480ms)
			LoadAssemblies (84ms)
			RebuildTransferFunctionScriptingTraits (0ms)
			SetupTypeCache (96ms)
			ReleaseScriptCaches (0ms)
			RebuildScriptCaches (30ms)
			SetupLoadedEditorAssemblies (297ms)
				LogAssemblyErrors (0ms)
				InitializePlatformSupportModulesInManaged (8ms)
				SetLoadedEditorAssemblies (0ms)
				RefreshPlugins (104ms)
				BeforeProcessingInitializeOnLoad (2ms)
				ProcessInitializeOnLoadAttributes (136ms)
				ProcessInitializeOnLoadMethodAttributes (47ms)
				AfterProcessingInitializeOnLoad (0ms)
				EditorAssembliesLoaded (0ms)
			ExecutionOrderSort2 (0ms)
			AwakeInstancesAfterBackupRestoration (0ms)
Platform modules already initialized, skipping
Registering precompiled user dll's ...
Registered in 0.006676 seconds.
Begin MonoManager ReloadAssembly
Symbol file LoadedFromMemory doesn't match image C:\Users\wotma\OneDrive\Documents\GitHub\RumRumble\VesselVictoryURP\Library\PackageCache\com.unity.visualscripting@1.8.0\Editor\VisualScripting.Core\Dependencies\YamlDotNet\Unity.VisualScripting.YamlDotNet.dll
Symbol file LoadedFromMemory doesn't match image C:\Users\wotma\OneDrive\Documents\GitHub\RumRumble\VesselVictoryURP\Library\PackageCache\com.unity.visualscripting@1.8.0\Editor\VisualScripting.Core\Dependencies\DotNetZip\Unity.VisualScripting.IonicZip.dll
Native extension for WindowsStandalone target not found
Refreshing native plugins compatible for Editor in 91.24 ms, found 3 plugins.
Preloading 0 native plugins for Editor in 0.00 ms.
Mono: successfully reloaded assembly
- Completed reload, in  1.038 seconds
Domain Reload Profiling:
	ReloadAssembly (1039ms)
		BeginReloadAssembly (105ms)
			ExecutionOrderSort (0ms)
			DisableScriptedObjects (6ms)
			BackupInstance (0ms)
			ReleaseScriptingObjects (0ms)
			CreateAndSetChildDomain (16ms)
		EndReloadAssembly (843ms)
			LoadAssemblies (82ms)
			RebuildTransferFunctionScriptingTraits (0ms)
			SetupTypeCache (206ms)
			ReleaseScriptCaches (1ms)
			RebuildScriptCaches (54ms)
			SetupLoadedEditorAssemblies (474ms)
				LogAssemblyErrors (0ms)
				InitializePlatformSupportModulesInManaged (4ms)
				SetLoadedEditorAssemblies (0ms)
				RefreshPlugins (91ms)
				BeforeProcessingInitializeOnLoad (95ms)
				ProcessInitializeOnLoadAttributes (212ms)
				ProcessInitializeOnLoadMethodAttributes (64ms)
				AfterProcessingInitializeOnLoad (8ms)
				EditorAssembliesLoaded (0ms)
			ExecutionOrderSort2 (0ms)
			AwakeInstancesAfterBackupRestoration (4ms)
Platform modules already initialized, skipping
========================================================================
Worker process is ready to serve import requests
Launched and connected shader compiler UnityShaderCompiler.exe after 0.03 seconds
Refreshing native plugins compatible for Editor in 1.13 ms, found 3 plugins.
Preloading 0 native plugins for Editor in 0.00 ms.
Unloading 4778 Unused Serialized files (Serialized files now loaded: 0)
Unloading 31 unused Assets / (0.7 MB). Loaded Objects now: 5246.
Memory consumption went from 195.4 MB to 194.7 MB.
Total: 3.658000 ms (FindLiveObjects: 0.462000 ms CreateObjectMapping: 0.110500 ms MarkObjects: 2.784100 ms  DeleteObjects: 0.300500 ms)

AssetImportParameters requested are different than current active one (requested -> active):
  custom:video-decoder-ogg-theora: a1e56fd34408186e4bbccfd4996cb3dc -> 
  custom:container-muxer-webm: aa71ff27fc2769a1b78a27578f13a17b -> 
  custom:container-demuxer-webm: 4f35f7cbe854078d1ac9338744f61a02 -> 
  custom:video-encoder-webm-vp8: eb34c28f22e8b96e1ab97ce403110664 -> 
  custom:audio-encoder-webm-vorbis: bf7c407c2cedff20999df2af8eb42d56 -> 
  custom:framework-win-MediaFoundation: 216162199b28c13a410421893ffa2e32 -> 
  custom:container-demuxer-ogg: 62fdf1f143b41e24485cea50d1cbac27 -> 
  custom:video-decoder-webm-vp8: 9c59270c3fd7afecdb556c50c9e8de78 -> 
  custom:audio-decoder-ogg-vorbis: bf7c407c2cedff20999df2af8eb42d56 -> 
========================================================================
Received Prepare
Registering precompiled user dll's ...
Registered in 0.006105 seconds.
Begin MonoManager ReloadAssembly
Symbol file LoadedFromMemory doesn't match image C:\Users\wotma\OneDrive\Documents\GitHub\RumRumble\VesselVictoryURP\Library\PackageCache\com.unity.visualscripting@1.8.0\Editor\VisualScripting.Core\Dependencies\YamlDotNet\Unity.VisualScripting.YamlDotNet.dll
Symbol file LoadedFromMemory doesn't match image C:\Users\wotma\OneDrive\Documents\GitHub\RumRumble\VesselVictoryURP\Library\PackageCache\com.unity.visualscripting@1.8.0\Editor\VisualScripting.Core\Dependencies\DotNetZip\Unity.VisualScripting.IonicZip.dll
Native extension for WindowsStandalone target not found
Refreshing native plugins compatible for Editor in 0.70 ms, found 3 plugins.
Preloading 0 native plugins for Editor in 0.00 ms.
Mono: successfully reloaded assembly
- Completed reload, in  0.984 seconds
Domain Reload Profiling:
	ReloadAssembly (985ms)
		BeginReloadAssembly (145ms)
			ExecutionOrderSort (0ms)
			DisableScriptedObjects (6ms)
			BackupInstance (0ms)
			ReleaseScriptingObjects (0ms)
			CreateAndSetChildDomain (34ms)
		EndReloadAssembly (737ms)
			LoadAssemblies (102ms)
			RebuildTransferFunctionScriptingTraits (0ms)
			SetupTypeCache (229ms)
			ReleaseScriptCaches (2ms)
			RebuildScriptCaches (44ms)
			SetupLoadedEditorAssemblies (348ms)
				LogAssemblyErrors (0ms)
				InitializePlatformSupportModulesInManaged (5ms)
				SetLoadedEditorAssemblies (0ms)
				RefreshPlugins (1ms)
				BeforeProcessingInitializeOnLoad (82ms)
				ProcessInitializeOnLoadAttributes (174ms)
				ProcessInitializeOnLoadMethodAttributes (77ms)
				AfterProcessingInitializeOnLoad (9ms)
				EditorAssembliesLoaded (0ms)
			ExecutionOrderSort2 (0ms)
			AwakeInstancesAfterBackupRestoration (5ms)
Platform modules already initialized, skipping
Refreshing native plugins compatible for Editor in 2.76 ms, found 3 plugins.
Preloading 0 native plugins for Editor in 0.00 ms.
Unloading 4677 Unused Serialized files (Serialized files now loaded: 0)
Unloading 24 unused Assets / (0.7 MB). Loaded Objects now: 5249.
Memory consumption went from 185.0 MB to 184.3 MB.
Total: 2.926700 ms (FindLiveObjects: 0.391000 ms CreateObjectMapping: 0.127500 ms MarkObjects: 2.104800 ms  DeleteObjects: 0.302400 ms)

AssetImportParameters requested are different than current active one (requested -> active):
  custom:video-decoder-ogg-theora: a1e56fd34408186e4bbccfd4996cb3dc -> 
  custom:container-muxer-webm: aa71ff27fc2769a1b78a27578f13a17b -> 
  custom:container-demuxer-webm: 4f35f7cbe854078d1ac9338744f61a02 -> 
  custom:video-encoder-webm-vp8: eb34c28f22e8b96e1ab97ce403110664 -> 
  custom:audio-encoder-webm-vorbis: bf7c407c2cedff20999df2af8eb42d56 -> 
  custom:framework-win-MediaFoundation: 216162199b28c13a410421893ffa2e32 -> 
  custom:container-demuxer-ogg: 62fdf1f143b41e24485cea50d1cbac27 -> 
  custom:video-decoder-webm-vp8: 9c59270c3fd7afecdb556c50c9e8de78 -> 
  custom:audio-decoder-ogg-vorbis: bf7c407c2cedff20999df2af8eb42d56 -> 
========================================================================
Received Import Request.
  Time since last request: 80181.899399 seconds.
  path: Assets/UnityStore[]/Fantasy Wooden GUI  Free/normal_ui_set A/Division line.png
  artifactKey: Guid(b7d245916891cca47a0144e12a82e086) Importer(815301076,1909f56bfc062723c751e8b465ee728b)
Start importing Assets/UnityStore[]/Fantasy Wooden GUI  Free/normal_ui_set A/Division line.png using Guid(b7d245916891cca47a0144e12a82e086) Importer(815301076,1909f56bfc062723c751e8b465ee728b)  -> (artifact id: '3b91048e6c5628f18bb2ee68be4276e2') in 0.134394 seconds 
========================================================================
Received Import Request.
  Time since last request: 0.000023 seconds.
  path: Assets/UnityStore[]/Fantasy Wooden GUI  Free/normal_ui_set A/TextBTN_Medium_Pressed.png
  artifactKey: Guid(047b929beb10565479851d39b452dfb6) Importer(815301076,1909f56bfc062723c751e8b465ee728b)
Start importing Assets/UnityStore[]/Fantasy Wooden GUI  Free/normal_ui_set A/TextBTN_Medium_Pressed.png using Guid(047b929beb10565479851d39b452dfb6) Importer(815301076,1909f56bfc062723c751e8b465ee728b)  -> (artifact id: '434f2faabb1fb8f7fec47e11c1da428f') in 0.041338 seconds 
========================================================================
Received Import Request.
  Time since last request: 0.000028 seconds.
  path: Assets/UnityStore[]/Fantasy Wooden GUI  Free/normal_ui_set A/TextBTN_Medium.png
  artifactKey: Guid(efee20b64d1e73942a29ba61ce3379c3) Importer(815301076,1909f56bfc062723c751e8b465ee728b)
Start importing Assets/UnityStore[]/Fantasy Wooden GUI  Free/normal_ui_set A/TextBTN_Medium.png using Guid(efee20b64d1e73942a29ba61ce3379c3) Importer(815301076,1909f56bfc062723c751e8b465ee728b)  -> (artifact id: 'c9e06d2f20d4f70fcb7213ad92428a29') in 0.041461 seconds 
========================================================================
Received Import Request.
  Time since last request: 0.000016 seconds.
  path: Assets/UnityStore[]/Fantasy Wooden GUI  Free/normal_ui_set A/UI board Large stone.png
  artifactKey: Guid(7066e0747291df44fa5c2bf93bee3a6e) Importer(815301076,1909f56bfc062723c751e8b465ee728b)
Start importing Assets/UnityStore[]/Fantasy Wooden GUI  Free/normal_ui_set A/UI board Large stone.png using Guid(7066e0747291df44fa5c2bf93bee3a6e) Importer(815301076,1909f56bfc062723c751e8b465ee728b)  -> (artifact id: 'fb71eeec9a94c788ecb90207ce60bb22') in 0.074801 seconds 
========================================================================
Received Import Request.
  Time since last request: 0.000015 seconds.
  path: Assets/UnityStore[]/Fantasy Wooden GUI  Free/normal_ui_set A/UI board Large Set.png
  artifactKey: Guid(90a2dde0942123c4ebb9c4af580c5818) Importer(815301076,1909f56bfc062723c751e8b465ee728b)
Start importing Assets/UnityStore[]/Fantasy Wooden GUI  Free/normal_ui_set A/UI board Large Set.png using Guid(90a2dde0942123c4ebb9c4af580c5818) Importer(815301076,1909f56bfc062723c751e8b465ee728b)  -> (artifact id: '8bc2a073ee46615caa8fcb2c26142038') in 0.041430 seconds 
========================================================================
Received Import Request.
  Time since last request: 0.000016 seconds.
  path: Assets/UnityStore[]/Fantasy Wooden GUI  Free/normal_ui_set A/IRONY TITLE  Large.png
  artifactKey: Guid(054411784c3fdf74d9db120b4a792a71) Importer(815301076,1909f56bfc062723c751e8b465ee728b)
Start importing Assets/UnityStore[]/Fantasy Wooden GUI  Free/normal_ui_set A/IRONY TITLE  Large.png using Guid(054411784c3fdf74d9db120b4a792a71) Importer(815301076,1909f56bfc062723c751e8b465ee728b)  -> (artifact id: '1e24632fd34ae87c1269470e4494cb4b') in 0.019373 seconds 
========================================================================
Received Import Request.
  Time since last request: 0.000017 seconds.
  path: Assets/UnityStore[]/Fantasy Wooden GUI  Free/normal_ui_set A/Exclamation_Gray.png
  artifactKey: Guid(f73f68fe6815f5548a6c2a61b9e49add) Importer(815301076,1909f56bfc062723c751e8b465ee728b)
Start importing Assets/UnityStore[]/Fantasy Wooden GUI  Free/normal_ui_set A/Exclamation_Gray.png using Guid(f73f68fe6815f5548a6c2a61b9e49add) Importer(815301076,1909f56bfc062723c751e8b465ee728b)  -> (artifact id: '786488a033afccce1db4c3a246b9d467') in 0.016206 seconds 
========================================================================
Received Import Request.
  Time since last request: 32.949461 seconds.
  path: Assets/UnityStore[]/Clean Vector Icons/T_10_rain_cloud_.png
  artifactKey: Guid(bdbbd192cba22224396018366d28f41e) Importer(815301076,1909f56bfc062723c751e8b465ee728b)
Start importing Assets/UnityStore[]/Clean Vector Icons/T_10_rain_cloud_.png using Guid(bdbbd192cba22224396018366d28f41e) Importer(815301076,1909f56bfc062723c751e8b465ee728b)  -> (artifact id: 'b03d37f4bcffc60cde51906d623eb645') in 0.045997 seconds 
========================================================================
Received Import Request.
  Time since last request: 0.000019 seconds.
  path: Assets/UnityStore[]/Clean Vector Icons/T_22_doorlock_open_.png
  artifactKey: Guid(c6c47a3be151e3a49b453e77e8c8ad08) Importer(815301076,1909f56bfc062723c751e8b465ee728b)
Start importing Assets/UnityStore[]/Clean Vector Icons/T_22_doorlock_open_.png using Guid(c6c47a3be151e3a49b453e77e8c8ad08) Importer(815301076,1909f56bfc062723c751e8b465ee728b)  -> (artifact id: 'efb028f0cee5362fa196edad60a07e7d') in 0.083024 seconds 
========================================================================
Received Import Request.
  Time since last request: 0.000022 seconds.
  path: Assets/UnityStore[]/Clean Vector Icons/T_13_campfire_.png
  artifactKey: Guid(8c500d54ff99a5546a4409724f9b5579) Importer(815301076,1909f56bfc062723c751e8b465ee728b)
Start importing Assets/UnityStore[]/Clean Vector Icons/T_13_campfire_.png using Guid(8c500d54ff99a5546a4409724f9b5579) Importer(815301076,1909f56bfc062723c751e8b465ee728b)  -> (artifact id: '61f99efa0ad39fb44190149418ea3c49') in 0.071541 seconds 
========================================================================
Received Import Request.
  Time since last request: 0.000014 seconds.
  path: Assets/UnityStore[]/Clean Vector Icons/T_27_grave_.png
  artifactKey: Guid(ea48f42d704ced14b89d95cf206a788f) Importer(815301076,1909f56bfc062723c751e8b465ee728b)
Start importing Assets/UnityStore[]/Clean Vector Icons/T_27_grave_.png using Guid(ea48f42d704ced14b89d95cf206a788f) Importer(815301076,1909f56bfc062723c751e8b465ee728b)  -> (artifact id: '57262c759c4c656003c074fb35fe1269') in 0.041420 seconds 
========================================================================
Received Import Request.
  Time since last request: 0.000018 seconds.
  path: Assets/UnityStore[]/Clean Vector Icons/T_11_arrow_rounded_left_.png
  artifactKey: Guid(c342a02c1ec59764ab8c5f2892c2928b) Importer(815301076,1909f56bfc062723c751e8b465ee728b)
Start importing Assets/UnityStore[]/Clean Vector Icons/T_11_arrow_rounded_left_.png using Guid(c342a02c1ec59764ab8c5f2892c2928b) Importer(815301076,1909f56bfc062723c751e8b465ee728b)  -> (artifact id: 'af77958f7774dc464bba886032d98d31') in 0.016302 seconds 
========================================================================
Received Import Request.
  Time since last request: 0.000016 seconds.
  path: Assets/UnityStore[]/Clean Vector Icons/T_21_doorlock_close_.png
  artifactKey: Guid(314683cca5e417b43924e07f86de60c9) Importer(815301076,1909f56bfc062723c751e8b465ee728b)
Start importing Assets/UnityStore[]/Clean Vector Icons/T_21_doorlock_close_.png using Guid(314683cca5e417b43924e07f86de60c9) Importer(815301076,1909f56bfc062723c751e8b465ee728b)  -> (artifact id: 'ee6e094387b1de5df710a428df9534dc') in 0.017019 seconds 
========================================================================
Received Import Request.
  Time since last request: 0.000019 seconds.
  path: Assets/UnityStore[]/Clean Vector Icons/T_11_home_.png
  artifactKey: Guid(825217937f322d7478e479dbe4637748) Importer(815301076,1909f56bfc062723c751e8b465ee728b)
Start importing Assets/UnityStore[]/Clean Vector Icons/T_11_home_.png using Guid(825217937f322d7478e479dbe4637748) Importer(815301076,1909f56bfc062723c751e8b465ee728b)  -> (artifact id: '25b455dad5b99a04caa63e737f5d2a61') in 0.017137 seconds 
========================================================================
Received Import Request.
  Time since last request: 0.000022 seconds.
  path: Assets/UnityStore[]/Clean Vector Icons/T_16_message_.png
  artifactKey: Guid(cb7ca257a8138af498d6bd8fe71bbbf5) Importer(815301076,1909f56bfc062723c751e8b465ee728b)
Start importing Assets/UnityStore[]/Clean Vector Icons/T_16_message_.png using Guid(cb7ca257a8138af498d6bd8fe71bbbf5) Importer(815301076,1909f56bfc062723c751e8b465ee728b)  -> (artifact id: '8d7c973c5aebb90d5a4f4a966a4c1040') in 0.017389 seconds 
========================================================================
Received Import Request.
  Time since last request: 0.000026 seconds.
  path: Assets/UnityStore[]/Clean Vector Icons/T_11_no_.png
  artifactKey: Guid(4d2a4136ebef6f041b43fdca42412caa) Importer(815301076,1909f56bfc062723c751e8b465ee728b)
Start importing Assets/UnityStore[]/Clean Vector Icons/T_11_no_.png using Guid(4d2a4136ebef6f041b43fdca42412caa) Importer(815301076,1909f56bfc062723c751e8b465ee728b)  -> (artifact id: '496bdee22b23fd8f31e72df6a9582b23') in 0.016936 seconds 
========================================================================
Received Import Request.
  Time since last request: 0.000036 seconds.
  path: Assets/UnityStore[]/Clean Vector Icons/T_12_ok_.png
  artifactKey: Guid(de50d1f4106f65545921a17c92cf0250) Importer(815301076,1909f56bfc062723c751e8b465ee728b)
Start importing Assets/UnityStore[]/Clean Vector Icons/T_12_ok_.png using Guid(de50d1f4106f65545921a17c92cf0250) Importer(815301076,1909f56bfc062723c751e8b465ee728b)  -> (artifact id: 'a863c8a91a8958f2053123df47944085') in 0.015790 seconds 
========================================================================
Received Import Request.
  Time since last request: 0.000023 seconds.
  path: Assets/UnityStore[]/Clean Vector Icons/T_12_arrow_rounded_right_.png
  artifactKey: Guid(98a4af8159bbcd245af2cdf358f3d4ba) Importer(815301076,1909f56bfc062723c751e8b465ee728b)
Start importing Assets/UnityStore[]/Clean Vector Icons/T_12_arrow_rounded_right_.png using Guid(98a4af8159bbcd245af2cdf358f3d4ba) Importer(815301076,1909f56bfc062723c751e8b465ee728b)  -> (artifact id: '1fc5d2804fcc9580c0cc49e19509a3fc') in 0.016625 seconds 
========================================================================
Received Import Request.
  Time since last request: 0.000021 seconds.
  path: Assets/UnityStore[]/Clean Vector Icons/T_11_pickaxe_.png
  artifactKey: Guid(0138ff996cf7410479c3dfffa5472ee1) Importer(815301076,1909f56bfc062723c751e8b465ee728b)
Start importing Assets/UnityStore[]/Clean Vector Icons/T_11_pickaxe_.png using Guid(0138ff996cf7410479c3dfffa5472ee1) Importer(815301076,1909f56bfc062723c751e8b465ee728b)  -> (artifact id: '41f98b53d836ff83fb7ea24baadafc59') in 0.018558 seconds 
========================================================================
Received Import Request.
  Time since last request: 0.000021 seconds.
  path: Assets/UnityStore[]/Clean Vector Icons/T_13_points_ver_.png
  artifactKey: Guid(4ddc3c228fdfb984eb497be43e4b91b8) Importer(815301076,1909f56bfc062723c751e8b465ee728b)
Start importing Assets/UnityStore[]/Clean Vector Icons/T_13_points_ver_.png using Guid(4ddc3c228fdfb984eb497be43e4b91b8) Importer(815301076,1909f56bfc062723c751e8b465ee728b)  -> (artifact id: '8191bbb47a90704172e28597368e42a2') in 0.015000 seconds 
========================================================================
Received Import Request.
  Time since last request: 20.960010 seconds.
  path: Assets/UnityStore[]/Clean Vector Icons/Update/bonus_05.png
  artifactKey: Guid(19e5ba7d75c4f2e4e8d2151606339bf3) Importer(815301076,1909f56bfc062723c751e8b465ee728b)
Start importing Assets/UnityStore[]/Clean Vector Icons/Update/bonus_05.png using Guid(19e5ba7d75c4f2e4e8d2151606339bf3) Importer(815301076,1909f56bfc062723c751e8b465ee728b)  -> (artifact id: '96eae9645388627efcfcfba80454ad43') in 0.022010 seconds 
========================================================================
Received Import Request.
  Time since last request: 0.000023 seconds.
  path: Assets/UnityStore[]/Clean Vector Icons/Update/Bonus_Laughing.png
  artifactKey: Guid(1a01eb51f081e2d4f80eb9d4db6f09f1) Importer(815301076,1909f56bfc062723c751e8b465ee728b)
Start importing Assets/UnityStore[]/Clean Vector Icons/Update/Bonus_Laughing.png using Guid(1a01eb51f081e2d4f80eb9d4db6f09f1) Importer(815301076,1909f56bfc062723c751e8b465ee728b)  -> (artifact id: 'efc83ae0c30e533cd6845da1c1ccb9b3') in 0.021965 seconds 
========================================================================
Received Import Request.
  Time since last request: 0.000040 seconds.
  path: Assets/UnityStore[]/Clean Vector Icons/Update/Bonus_Confused.png
  artifactKey: Guid(fb11e14e93b45fe4ca06723dea9dcdb8) Importer(815301076,1909f56bfc062723c751e8b465ee728b)
Start importing Assets/UnityStore[]/Clean Vector Icons/Update/Bonus_Confused.png using Guid(fb11e14e93b45fe4ca06723dea9dcdb8) Importer(815301076,1909f56bfc062723c751e8b465ee728b)  -> (artifact id: '1f28b918fb9fc78fdcc60e7696dd8dc8') in 0.038341 seconds 
========================================================================
Received Import Request.
  Time since last request: 0.000028 seconds.
  path: Assets/UnityStore[]/Clean Vector Icons/Update/Bonus_Sneezing.png
  artifactKey: Guid(72ec55939a589894eaf624298fd9f858) Importer(815301076,1909f56bfc062723c751e8b465ee728b)
Start importing Assets/UnityStore[]/Clean Vector Icons/Update/Bonus_Sneezing.png using Guid(72ec55939a589894eaf624298fd9f858) Importer(815301076,1909f56bfc062723c751e8b465ee728b)  -> (artifact id: 'b22c03b48635ea27c084868a8641fb53') in 0.024925 seconds 
Editor requested this worker to shutdown with reason: Scaling down because of idle timeout
AssetImportWorker is now disconnected from the server
Process exiting
Exiting without the bug reporter. Application will terminate with return code 0