Using pre-set license
Built from '2021.3/staging' branch; Version is '2021.3.26f1 (a16dc32e0ff2) revision 10579395'; Using compiler version '192829333'; Build Type 'Release'
OS: 'Windows 10  (10.0.19045) 64bit Professional' Language: 'en' Physical Memory: 16272 MB
BatchMode: 1, IsHumanControllingUs: 0, StartBugReporterOnCrash: 0, Is64bit: 1, IsPro: 1

COMMAND LINE ARGUMENTS:
C:\Program Files\Unity\Hub\Editor\2021.3.26f1\Editor\Unity.exe
-adb2
-batchMode
-noUpm
-name
AssetImportWorker2
-projectPath
C:/Users/wotma/OneDrive/Documents/GitHub/RumRumble/VesselVictoryURP
-logFile
Logs/AssetImportWorker2.log
-srvPort
51414
Successfully changed project path to: C:/Users/wotma/OneDrive/Documents/GitHub/RumRumble/VesselVictoryURP
C:/Users/wotma/OneDrive/Documents/GitHub/RumRumble/VesselVictoryURP
[UnityMemory] Configuration Parameters - Can be set up in boot.config
    "memorysetup-bucket-allocator-granularity=16"
    "memorysetup-bucket-allocator-bucket-count=8"
    "memorysetup-bucket-allocator-block-size=33554432"
    "memorysetup-bucket-allocator-block-count=8"
    "memorysetup-main-allocator-block-size=16777216"
    "memorysetup-thread-allocator-block-size=16777216"
    "memorysetup-gfx-main-allocator-block-size=16777216"
    "memorysetup-gfx-thread-allocator-block-size=16777216"
    "memorysetup-cache-allocator-block-size=4194304"
    "memorysetup-typetree-allocator-block-size=2097152"
    "memorysetup-profiler-bucket-allocator-granularity=16"
    "memorysetup-profiler-bucket-allocator-bucket-count=8"
    "memorysetup-profiler-bucket-allocator-block-size=33554432"
    "memorysetup-profiler-bucket-allocator-block-count=8"
    "memorysetup-profiler-allocator-block-size=16777216"
    "memorysetup-profiler-editor-allocator-block-size=1048576"
    "memorysetup-temp-allocator-size-main=16777216"
    "memorysetup-job-temp-allocator-block-size=2097152"
    "memorysetup-job-temp-allocator-block-size-background=1048576"
    "memorysetup-job-temp-allocator-reduction-small-platforms=262144"
    "memorysetup-temp-allocator-size-background-worker=32768"
    "memorysetup-temp-allocator-size-job-worker=262144"
    "memorysetup-temp-allocator-size-preload-manager=33554432"
    "memorysetup-temp-allocator-size-nav-mesh-worker=65536"
    "memorysetup-temp-allocator-size-audio-worker=65536"
    "memorysetup-temp-allocator-size-cloud-worker=32768"
    "memorysetup-temp-allocator-size-gi-baking-worker=262144"
    "memorysetup-temp-allocator-size-gfx=262144"
Player connection [17400] Host "[IP] 172.20.10.3 [Port] 0 [Flags] 2 [Guid] 4144205440 [EditorId] 4144205440 [Version] 1048832 [Id] WindowsEditor(7,DESKTOP-4FE6QCV) [Debug] 1 [PackageName] WindowsEditor [ProjectName] Editor" joined multi-casting on [225.0.0.222:54997]...

Player connection [17400] Host "[IP] 172.20.10.3 [Port] 0 [Flags] 2 [Guid] 4144205440 [EditorId] 4144205440 [Version] 1048832 [Id] WindowsEditor(7,DESKTOP-4FE6QCV) [Debug] 1 [PackageName] WindowsEditor [ProjectName] Editor" joined alternative multi-casting on [225.0.0.222:34997]...

Refreshing native plugins compatible for Editor in 85.33 ms, found 3 plugins.
Preloading 0 native plugins for Editor in 0.00 ms.
Initialize engine version: 2021.3.26f1 (a16dc32e0ff2)
[Subsystems] Discovering subsystems at path C:/Program Files/Unity/Hub/Editor/2021.3.26f1/Editor/Data/Resources/UnitySubsystems
[Subsystems] Discovering subsystems at path C:/Users/wotma/OneDrive/Documents/GitHub/RumRumble/VesselVictoryURP/Assets
GfxDevice: creating device client; threaded=0; jobified=0
Direct3D:
    Version:  Direct3D 11.0 [level 11.1]
    Renderer: NVIDIA GeForce RTX 2060 (ID=0x1f08)
    Vendor:   NVIDIA
    VRAM:     5968 MB
    Driver:   31.0.15.3598
Initialize mono
Mono path[0] = 'C:/Program Files/Unity/Hub/Editor/2021.3.26f1/Editor/Data/Managed'
Mono path[1] = 'C:/Program Files/Unity/Hub/Editor/2021.3.26f1/Editor/Data/MonoBleedingEdge/lib/mono/unityjit-win32'
Mono config path = 'C:/Program Files/Unity/Hub/Editor/2021.3.26f1/Editor/Data/MonoBleedingEdge/etc'
Using monoOptions --debugger-agent=transport=dt_socket,embedding=1,server=y,suspend=n,address=127.0.0.1:56460
Begin MonoManager ReloadAssembly
Registering precompiled unity dll's ...
Register platform support module: C:/Program Files/Unity/Hub/Editor/2021.3.26f1/Editor/Data/PlaybackEngines/WindowsStandaloneSupport/UnityEditor.WindowsStandalone.Extensions.dll
Registered in 0.006870 seconds.
Native extension for WindowsStandalone target not found
Refreshing native plugins compatible for Editor in 80.49 ms, found 3 plugins.
Preloading 0 native plugins for Editor in 0.00 ms.
Mono: successfully reloaded assembly
- Completed reload, in  0.546 seconds
Domain Reload Profiling:
	ReloadAssembly (546ms)
		BeginReloadAssembly (74ms)
			ExecutionOrderSort (0ms)
			DisableScriptedObjects (0ms)
			BackupInstance (0ms)
			ReleaseScriptingObjects (0ms)
			CreateAndSetChildDomain (1ms)
		EndReloadAssembly (385ms)
			LoadAssemblies (71ms)
			RebuildTransferFunctionScriptingTraits (0ms)
			SetupTypeCache (84ms)
			ReleaseScriptCaches (0ms)
			RebuildScriptCaches (21ms)
			SetupLoadedEditorAssemblies (237ms)
				LogAssemblyErrors (0ms)
				InitializePlatformSupportModulesInManaged (7ms)
				SetLoadedEditorAssemblies (0ms)
				RefreshPlugins (81ms)
				BeforeProcessingInitializeOnLoad (1ms)
				ProcessInitializeOnLoadAttributes (111ms)
				ProcessInitializeOnLoadMethodAttributes (36ms)
				AfterProcessingInitializeOnLoad (0ms)
				EditorAssembliesLoaded (0ms)
			ExecutionOrderSort2 (0ms)
			AwakeInstancesAfterBackupRestoration (0ms)
Platform modules already initialized, skipping
Registering precompiled user dll's ...
Registered in 0.006440 seconds.
Begin MonoManager ReloadAssembly
Symbol file LoadedFromMemory doesn't match image C:\Users\wotma\OneDrive\Documents\GitHub\RumRumble\VesselVictoryURP\Library\PackageCache\com.unity.visualscripting@1.8.0\Editor\VisualScripting.Core\Dependencies\YamlDotNet\Unity.VisualScripting.YamlDotNet.dll
Symbol file LoadedFromMemory doesn't match image C:\Users\wotma\OneDrive\Documents\GitHub\RumRumble\VesselVictoryURP\Library\PackageCache\com.unity.visualscripting@1.8.0\Editor\VisualScripting.Core\Dependencies\DotNetZip\Unity.VisualScripting.IonicZip.dll
Native extension for WindowsStandalone target not found
Refreshing native plugins compatible for Editor in 81.13 ms, found 3 plugins.
Preloading 0 native plugins for Editor in 0.00 ms.
Mono: successfully reloaded assembly
- Completed reload, in  0.959 seconds
Domain Reload Profiling:
	ReloadAssembly (959ms)
		BeginReloadAssembly (101ms)
			ExecutionOrderSort (0ms)
			DisableScriptedObjects (5ms)
			BackupInstance (0ms)
			ReleaseScriptingObjects (0ms)
			CreateAndSetChildDomain (17ms)
		EndReloadAssembly (775ms)
			LoadAssemblies (81ms)
			RebuildTransferFunctionScriptingTraits (0ms)
			SetupTypeCache (201ms)
			ReleaseScriptCaches (1ms)
			RebuildScriptCaches (47ms)
			SetupLoadedEditorAssemblies (422ms)
				LogAssemblyErrors (0ms)
				InitializePlatformSupportModulesInManaged (4ms)
				SetLoadedEditorAssemblies (0ms)
				RefreshPlugins (81ms)
				BeforeProcessingInitializeOnLoad (84ms)
				ProcessInitializeOnLoadAttributes (183ms)
				ProcessInitializeOnLoadMethodAttributes (62ms)
				AfterProcessingInitializeOnLoad (8ms)
				EditorAssembliesLoaded (0ms)
			ExecutionOrderSort2 (0ms)
			AwakeInstancesAfterBackupRestoration (5ms)
Platform modules already initialized, skipping
========================================================================
Worker process is ready to serve import requests
Launched and connected shader compiler UnityShaderCompiler.exe after 0.03 seconds
Refreshing native plugins compatible for Editor in 0.89 ms, found 3 plugins.
Preloading 0 native plugins for Editor in 0.00 ms.
Unloading 4736 Unused Serialized files (Serialized files now loaded: 0)
Unloading 31 unused Assets / (0.7 MB). Loaded Objects now: 5198.
Memory consumption went from 190.5 MB to 189.7 MB.
Total: 3.024200 ms (FindLiveObjects: 0.357700 ms CreateObjectMapping: 0.117700 ms MarkObjects: 2.248900 ms  DeleteObjects: 0.299100 ms)

AssetImportParameters requested are different than current active one (requested -> active):
  custom:video-decoder-ogg-theora: a1e56fd34408186e4bbccfd4996cb3dc -> 
  custom:container-muxer-webm: aa71ff27fc2769a1b78a27578f13a17b -> 
  custom:container-demuxer-webm: 4f35f7cbe854078d1ac9338744f61a02 -> 
  custom:video-encoder-webm-vp8: eb34c28f22e8b96e1ab97ce403110664 -> 
  custom:audio-encoder-webm-vorbis: bf7c407c2cedff20999df2af8eb42d56 -> 
  custom:framework-win-MediaFoundation: 216162199b28c13a410421893ffa2e32 -> 
  custom:container-demuxer-ogg: 62fdf1f143b41e24485cea50d1cbac27 -> 
  custom:video-decoder-webm-vp8: 9c59270c3fd7afecdb556c50c9e8de78 -> 
  custom:audio-decoder-ogg-vorbis: bf7c407c2cedff20999df2af8eb42d56 -> 
========================================================================
Received Import Request.
  Time since last request: 88290.306163 seconds.
  path: Assets/Menu/HealthBarFll.png
  artifactKey: Guid(85c6468bbe5bd5945871216358db43bc) Importer(815301076,1909f56bfc062723c751e8b465ee728b)
Start importing Assets/Menu/HealthBarFll.png using Guid(85c6468bbe5bd5945871216358db43bc) Importer(815301076,1909f56bfc062723c751e8b465ee728b)  -> (artifact id: 'f1f83c51622fd676cab4ef31cef7192f') in 0.058338 seconds 
========================================================================
Received Import Request.
  Time since last request: 4.653179 seconds.
  path: Assets/Menu/HealthBarFll.png
  artifactKey: Guid(85c6468bbe5bd5945871216358db43bc) Importer(815301076,1909f56bfc062723c751e8b465ee728b)
Start importing Assets/Menu/HealthBarFll.png using Guid(85c6468bbe5bd5945871216358db43bc) Importer(815301076,1909f56bfc062723c751e8b465ee728b)  -> (artifact id: '8e16ebbba6ecb8cfb1fea2ae413b8e5b') in 0.063075 seconds 
========================================================================
Received Import Request.
  Time since last request: 123.769014 seconds.
  path: Assets/TextMesh Pro/Examples & Extras/Resources/Fonts & Materials/Anton SDF - Drop Shadow.mat
  artifactKey: Guid(749b9069dc4742c5bfa5c74644049926) Importer(815301076,1909f56bfc062723c751e8b465ee728b)
Start importing Assets/TextMesh Pro/Examples & Extras/Resources/Fonts & Materials/Anton SDF - Drop Shadow.mat using Guid(749b9069dc4742c5bfa5c74644049926) Importer(815301076,1909f56bfc062723c751e8b465ee728b)  -> (artifact id: '328e23046ba757f2f66ae5479946f2f0') in 0.107160 seconds 
========================================================================
Received Import Request.
  Time since last request: 0.000017 seconds.
  path: Assets/TextMesh Pro/Examples & Extras/Resources/Fonts & Materials/Anton SDF - Sunny Days.mat
  artifactKey: Guid(6522f30e342599e4e9dd4cc2cc03c830) Importer(815301076,1909f56bfc062723c751e8b465ee728b)
Start importing Assets/TextMesh Pro/Examples & Extras/Resources/Fonts & Materials/Anton SDF - Sunny Days.mat using Guid(6522f30e342599e4e9dd4cc2cc03c830) Importer(815301076,1909f56bfc062723c751e8b465ee728b)  -> (artifact id: 'ce5085297942640cd78b7800e2039d43') in 0.119795 seconds 
========================================================================
Received Import Request.
  Time since last request: 0.000039 seconds.
  path: Assets/TextMesh Pro/Examples & Extras/Resources/Fonts & Materials/Bangers SDF Logo.mat
  artifactKey: Guid(f4e195ac1e204eff960149d1cb34e18c) Importer(815301076,1909f56bfc062723c751e8b465ee728b)
Start importing Assets/TextMesh Pro/Examples & Extras/Resources/Fonts & Materials/Bangers SDF Logo.mat using Guid(f4e195ac1e204eff960149d1cb34e18c) Importer(815301076,1909f56bfc062723c751e8b465ee728b)  -> (artifact id: '029715b9b9fb888af53cbc5f4f13a7b2') in 0.246286 seconds 
========================================================================
Received Import Request.
  Time since last request: 0.592943 seconds.
  path: Assets/UnityStore[]/Pirate_Ship_Pack/Models/Materials/big_ship_d.mat
  artifactKey: Guid(5134ad0f4fc645b4a8e99a88724d182a) Importer(815301076,1909f56bfc062723c751e8b465ee728b)
Start importing Assets/UnityStore[]/Pirate_Ship_Pack/Models/Materials/big_ship_d.mat using Guid(5134ad0f4fc645b4a8e99a88724d182a) Importer(815301076,1909f56bfc062723c751e8b465ee728b)  -> (artifact id: '8c30aeb36746bf9b2868c9868a104843') in 0.010619 seconds 
========================================================================
Received Import Request.
  Time since last request: 0.212429 seconds.
  path: Assets/UnityStore[]/Pirate_Ship_Pack/Models/Materials/big_ship_d2.mat
  artifactKey: Guid(3a204780c2bda9744a2533ede9301f59) Importer(815301076,1909f56bfc062723c751e8b465ee728b)
Start importing Assets/UnityStore[]/Pirate_Ship_Pack/Models/Materials/big_ship_d2.mat using Guid(3a204780c2bda9744a2533ede9301f59) Importer(815301076,1909f56bfc062723c751e8b465ee728b)  -> (artifact id: 'faaf2a37cdce48f03507851e1ab809a8') in 0.010996 seconds 
========================================================================
Received Import Request.
  Time since last request: 0.027089 seconds.
  path: Assets/UnityStore[]/Pirate_Ship_Pack/Models/Materials/boats_01_d.mat
  artifactKey: Guid(211485be4706e2546b2fa9e5261bede5) Importer(815301076,1909f56bfc062723c751e8b465ee728b)
Start importing Assets/UnityStore[]/Pirate_Ship_Pack/Models/Materials/boats_01_d.mat using Guid(211485be4706e2546b2fa9e5261bede5) Importer(815301076,1909f56bfc062723c751e8b465ee728b)  -> (artifact id: '990620253da2693a70025992e52b2fab') in 0.011026 seconds 
========================================================================
Received Import Request.
  Time since last request: 0.013580 seconds.
  path: Assets/UnityStore[]/Pirate_Ship_Pack/Models/Materials/boats_01_d3.mat
  artifactKey: Guid(4e561fbd2f14c0643a92d1423a9bd937) Importer(815301076,1909f56bfc062723c751e8b465ee728b)
Start importing Assets/UnityStore[]/Pirate_Ship_Pack/Models/Materials/boats_01_d3.mat using Guid(4e561fbd2f14c0643a92d1423a9bd937) Importer(815301076,1909f56bfc062723c751e8b465ee728b)  -> (artifact id: '59ad7f09fd59abc709fee62aae90e167') in 0.017014 seconds 
========================================================================
Received Import Request.
  Time since last request: 0.281220 seconds.
  path: Assets/TextMesh Pro/Examples & Extras/Fonts/Roboto-Bold.ttf
  artifactKey: Guid(4beb055f07aaff244873dec698d0363e) Importer(815301076,1909f56bfc062723c751e8b465ee728b)
Start importing Assets/TextMesh Pro/Examples & Extras/Fonts/Roboto-Bold.ttf using Guid(4beb055f07aaff244873dec698d0363e) Importer(815301076,1909f56bfc062723c751e8b465ee728b)  -> (artifact id: '1b15c6635f96479b1288151d43d63401') in 0.031343 seconds 
========================================================================
Received Import Request.
  Time since last request: 0.012878 seconds.
  path: Assets/TextMesh Pro/Examples & Extras/Fonts/Oswald-Bold.ttf
  artifactKey: Guid(c9f6d0e7bc8541498c9a4799ba184ede) Importer(815301076,1909f56bfc062723c751e8b465ee728b)
Start importing Assets/TextMesh Pro/Examples & Extras/Fonts/Oswald-Bold.ttf using Guid(c9f6d0e7bc8541498c9a4799ba184ede) Importer(815301076,1909f56bfc062723c751e8b465ee728b)  -> (artifact id: 'c39f9c91bf5165c219272e3d19e471cd') in 0.018183 seconds 
========================================================================
Received Import Request.
  Time since last request: 0.000023 seconds.
  path: Assets/TextMesh Pro/Examples & Extras/Fonts/Bangers.ttf
  artifactKey: Guid(5dd49b3eacc540408c98eee0de38e0f1) Importer(815301076,1909f56bfc062723c751e8b465ee728b)
Start importing Assets/TextMesh Pro/Examples & Extras/Fonts/Bangers.ttf using Guid(5dd49b3eacc540408c98eee0de38e0f1) Importer(815301076,1909f56bfc062723c751e8b465ee728b)  -> (artifact id: '3f411dc487d862051c8615ed2fedf126') in 0.019161 seconds 
========================================================================
Received Import Request.
  Time since last request: 0.181352 seconds.
  path: Assets/TextMesh Pro/Fonts/LiberationSans.ttf
  artifactKey: Guid(e3265ab4bf004d28a9537516768c1c75) Importer(815301076,1909f56bfc062723c751e8b465ee728b)
Start importing Assets/TextMesh Pro/Fonts/LiberationSans.ttf using Guid(e3265ab4bf004d28a9537516768c1c75) Importer(815301076,1909f56bfc062723c751e8b465ee728b)  -> (artifact id: 'f3bd036785823e2281556a384dd6489b') in 0.019532 seconds 
========================================================================
Received Import Request.
  Time since last request: 0.000024 seconds.
  path: Assets/UnityStore[]/Fantasy Skybox FREE/Cubemaps/Classic/FS000_Day_02.mat
  artifactKey: Guid(fa95802f80bd745cfb5e9c89f7e22341) Importer(815301076,1909f56bfc062723c751e8b465ee728b)
Start importing Assets/UnityStore[]/Fantasy Skybox FREE/Cubemaps/Classic/FS000_Day_02.mat using Guid(fa95802f80bd745cfb5e9c89f7e22341) Importer(815301076,1909f56bfc062723c751e8b465ee728b)  -> (artifact id: 'd64e7e837d208d6dc424506cc7360df4') in 0.023934 seconds 
========================================================================
Received Import Request.
  Time since last request: 0.000506 seconds.
  path: Assets/UnityStore[]/Fantasy Skybox FREE/Cubemaps/Classic/FS000_Day_02_Sunless.mat
  artifactKey: Guid(99a400087584f4263b1a8979d6007ad4) Importer(815301076,1909f56bfc062723c751e8b465ee728b)
Start importing Assets/UnityStore[]/Fantasy Skybox FREE/Cubemaps/Classic/FS000_Day_02_Sunless.mat using Guid(99a400087584f4263b1a8979d6007ad4) Importer(815301076,1909f56bfc062723c751e8b465ee728b)  -> (artifact id: 'b0653731962ff9279658a64e28b9a14e') in 0.023291 seconds 
========================================================================
Received Import Request.
  Time since last request: 0.000022 seconds.
  path: Assets/UnityStore[]/Fantasy Skybox FREE/Cubemaps/Classic/FS000_Day_03_Sunless.mat
  artifactKey: Guid(8f2c8ef98c47442d4b0e1896539bf7f1) Importer(815301076,1909f56bfc062723c751e8b465ee728b)
Start importing Assets/UnityStore[]/Fantasy Skybox FREE/Cubemaps/Classic/FS000_Day_03_Sunless.mat using Guid(8f2c8ef98c47442d4b0e1896539bf7f1) Importer(815301076,1909f56bfc062723c751e8b465ee728b)  -> (artifact id: '559e863e47420e8078930b0bda48fc97') in 0.023724 seconds 
========================================================================
Received Import Request.
  Time since last request: 0.000024 seconds.
  path: Assets/UnityStore[]/Fantasy Skybox FREE/Cubemaps/Classic/FS000_Day_05.mat
  artifactKey: Guid(e11f5b66aad75483b8cd16ee18a0c917) Importer(815301076,1909f56bfc062723c751e8b465ee728b)
Start importing Assets/UnityStore[]/Fantasy Skybox FREE/Cubemaps/Classic/FS000_Day_05.mat using Guid(e11f5b66aad75483b8cd16ee18a0c917) Importer(815301076,1909f56bfc062723c751e8b465ee728b)  -> (artifact id: 'a7f1bbda8278fa4e1b0771a33f3aef57') in 0.023645 seconds 
========================================================================
Received Import Request.
  Time since last request: 0.897542 seconds.
  path: Assets/UnityStore[]/Fantasy Skybox FREE/Cubemaps/Classic/FS000_Day_05_Sunless.mat
  artifactKey: Guid(eea6dc32b86944868a305f6c94f8d7e4) Importer(815301076,1909f56bfc062723c751e8b465ee728b)
Start importing Assets/UnityStore[]/Fantasy Skybox FREE/Cubemaps/Classic/FS000_Day_05_Sunless.mat using Guid(eea6dc32b86944868a305f6c94f8d7e4) Importer(815301076,1909f56bfc062723c751e8b465ee728b)  -> (artifact id: '196f512941c3cb8d75583f8ac23d086e') in 0.026441 seconds 
========================================================================
Received Import Request.
  Time since last request: 0.000015 seconds.
  path: Assets/UnityStore[]/Fantasy Skybox FREE/Cubemaps/Classic/FS000_Night_01.mat
  artifactKey: Guid(ab675e6698bde46fd87143fb0d7580cb) Importer(815301076,1909f56bfc062723c751e8b465ee728b)
Start importing Assets/UnityStore[]/Fantasy Skybox FREE/Cubemaps/Classic/FS000_Night_01.mat using Guid(ab675e6698bde46fd87143fb0d7580cb) Importer(815301076,1909f56bfc062723c751e8b465ee728b)  -> (artifact id: '1226f2baa85708753dcd5f45f57415f8') in 0.026168 seconds 
========================================================================
Received Import Request.
  Time since last request: 0.000015 seconds.
  path: Assets/UnityStore[]/Fantasy Skybox FREE/Cubemaps/Classic/FS000_Night_02.mat
  artifactKey: Guid(8202c457dff32486ba5ae1f2f548d983) Importer(815301076,1909f56bfc062723c751e8b465ee728b)
Start importing Assets/UnityStore[]/Fantasy Skybox FREE/Cubemaps/Classic/FS000_Night_02.mat using Guid(8202c457dff32486ba5ae1f2f548d983) Importer(815301076,1909f56bfc062723c751e8b465ee728b)  -> (artifact id: 'f92200c7e4ef9f1efe639dc8219f0cf4') in 0.022839 seconds 
========================================================================
Received Import Request.
  Time since last request: 0.171701 seconds.
  path: Assets/UnityStore[]/Fantasy Skybox FREE/Cubemaps/Classic/FS000_Night_02_Moonless.mat
  artifactKey: Guid(94caf2ba4ca5e46bfaba53afcc8778dd) Importer(815301076,1909f56bfc062723c751e8b465ee728b)
Start importing Assets/UnityStore[]/Fantasy Skybox FREE/Cubemaps/Classic/FS000_Night_02_Moonless.mat using Guid(94caf2ba4ca5e46bfaba53afcc8778dd) Importer(815301076,1909f56bfc062723c751e8b465ee728b)  -> (artifact id: '1b356200d78800a354c0153c85c6239a') in 0.023534 seconds 
========================================================================
Received Import Request.
  Time since last request: 0.000017 seconds.
  path: Assets/UnityStore[]/Fantasy Skybox FREE/Panoramics/FS002/FS002_Day.mat
  artifactKey: Guid(9ca22510633fbfd4399f1704cd9d5c72) Importer(815301076,1909f56bfc062723c751e8b465ee728b)
Start importing Assets/UnityStore[]/Fantasy Skybox FREE/Panoramics/FS002/FS002_Day.mat using Guid(9ca22510633fbfd4399f1704cd9d5c72) Importer(815301076,1909f56bfc062723c751e8b465ee728b)  -> (artifact id: '0c3f934838292515bdb25ba6e664d018') in 0.066278 seconds 
========================================================================
Received Import Request.
  Time since last request: 0.000018 seconds.
  path: Assets/UnityStore[]/Fantasy Skybox FREE/Cubemaps/FS002/FS002_Day_Sunless_Cubemap.mat
  artifactKey: Guid(1dfc2aa9d900889499587bd874c3da56) Importer(815301076,1909f56bfc062723c751e8b465ee728b)
Start importing Assets/UnityStore[]/Fantasy Skybox FREE/Cubemaps/FS002/FS002_Day_Sunless_Cubemap.mat using Guid(1dfc2aa9d900889499587bd874c3da56) Importer(815301076,1909f56bfc062723c751e8b465ee728b)  -> (artifact id: '0a95495a26dc8811b0eed3837ec6024a') in 0.189082 seconds 
========================================================================
Received Import Request.
  Time since last request: 0.000035 seconds.
  path: Assets/UnityStore[]/Fantasy Skybox FREE/Cubemaps/FS002/FS002_Day_Cubemap.mat
  artifactKey: Guid(94d852a7748a347489661febea5eafc6) Importer(815301076,1909f56bfc062723c751e8b465ee728b)
Start importing Assets/UnityStore[]/Fantasy Skybox FREE/Cubemaps/FS002/FS002_Day_Cubemap.mat using Guid(94d852a7748a347489661febea5eafc6) Importer(815301076,1909f56bfc062723c751e8b465ee728b)  -> (artifact id: 'cd0c72650696618a188dfc047352118d') in 0.053373 seconds 
========================================================================
Received Import Request.
  Time since last request: 0.398111 seconds.
  path: Assets/UnityStore[]/Fantasy Skybox FREE/Panoramics/FS002/FS002_Rainy.mat
  artifactKey: Guid(b5a27fa4b11bfb24cbc6daff3802c229) Importer(815301076,1909f56bfc062723c751e8b465ee728b)
Start importing Assets/UnityStore[]/Fantasy Skybox FREE/Panoramics/FS002/FS002_Rainy.mat using Guid(b5a27fa4b11bfb24cbc6daff3802c229) Importer(815301076,1909f56bfc062723c751e8b465ee728b)  -> (artifact id: '372f46bdfebda553aac467d1c246bfbf') in 0.023373 seconds 
========================================================================
Received Import Request.
  Time since last request: 0.012441 seconds.
  path: Assets/UnityStore[]/Fantasy Skybox FREE/Cubemaps/FS002/FS002_Snowy_Cubemap.mat
  artifactKey: Guid(a3a02bda0a9032049ad25627480b5d20) Importer(815301076,1909f56bfc062723c751e8b465ee728b)
Start importing Assets/UnityStore[]/Fantasy Skybox FREE/Cubemaps/FS002/FS002_Snowy_Cubemap.mat using Guid(a3a02bda0a9032049ad25627480b5d20) Importer(815301076,1909f56bfc062723c751e8b465ee728b)  -> (artifact id: '79efc0299a59a3fb29a0d0d4e03328d6') in 0.052386 seconds 
========================================================================
Received Import Request.
  Time since last request: 0.000032 seconds.
  path: Assets/UnityStore[]/Fantasy Skybox FREE/Panoramics/FS003/FS003_Night.mat
  artifactKey: Guid(80fa4f34db87aad4d93c45188b19bfd6) Importer(815301076,1909f56bfc062723c751e8b465ee728b)
Start importing Assets/UnityStore[]/Fantasy Skybox FREE/Panoramics/FS003/FS003_Night.mat using Guid(80fa4f34db87aad4d93c45188b19bfd6) Importer(815301076,1909f56bfc062723c751e8b465ee728b)  -> (artifact id: '6561b3f8b954a5563751b87a95306191') in 0.022591 seconds 
========================================================================
Received Import Request.
  Time since last request: 0.000019 seconds.
  path: Assets/UnityStore[]/Fantasy Skybox FREE/Panoramics/FS003/FS003_Rainy.mat
  artifactKey: Guid(e0a21ebc98cee4e46bbae873ec0be703) Importer(815301076,1909f56bfc062723c751e8b465ee728b)
Start importing Assets/UnityStore[]/Fantasy Skybox FREE/Panoramics/FS003/FS003_Rainy.mat using Guid(e0a21ebc98cee4e46bbae873ec0be703) Importer(815301076,1909f56bfc062723c751e8b465ee728b)  -> (artifact id: '402b0b815fcd213424a2750a75b1366a') in 0.025752 seconds 
========================================================================
Received Import Request.
  Time since last request: 0.000023 seconds.
  path: Assets/UnityStore[]/Fantasy Skybox FREE/Panoramics/FS003/FS003_Day.mat
  artifactKey: Guid(c051fe5a20f72814f9643eb10ebbd2fc) Importer(815301076,1909f56bfc062723c751e8b465ee728b)
Start importing Assets/UnityStore[]/Fantasy Skybox FREE/Panoramics/FS003/FS003_Day.mat using Guid(c051fe5a20f72814f9643eb10ebbd2fc) Importer(815301076,1909f56bfc062723c751e8b465ee728b)  -> (artifact id: 'd15d6cdee2d128e83cc4ff8979604c0b') in 0.028158 seconds 
========================================================================
Received Import Request.
  Time since last request: 0.000027 seconds.
  path: Assets/UnityStore[]/Fantasy Skybox FREE/Cubemaps/FS003/FS003_Sunset_Cubemap.mat
  artifactKey: Guid(f5dcd562bbe8e6741845a6ba29547444) Importer(815301076,1909f56bfc062723c751e8b465ee728b)
Start importing Assets/UnityStore[]/Fantasy Skybox FREE/Cubemaps/FS003/FS003_Sunset_Cubemap.mat using Guid(f5dcd562bbe8e6741845a6ba29547444) Importer(815301076,1909f56bfc062723c751e8b465ee728b)  -> (artifact id: '119c6863a84d4bc06d90fccbce85b5e5') in 0.050685 seconds 
========================================================================
Received Import Request.
  Time since last request: 0.000025 seconds.
  path: Assets/UnityStore[]/Fantasy Skybox FREE/Panoramics/FS013/FS013_Rainy.mat
  artifactKey: Guid(8426cf3d3939a7d419671f3d5c269c0b) Importer(815301076,1909f56bfc062723c751e8b465ee728b)
Start importing Assets/UnityStore[]/Fantasy Skybox FREE/Panoramics/FS013/FS013_Rainy.mat using Guid(8426cf3d3939a7d419671f3d5c269c0b) Importer(815301076,1909f56bfc062723c751e8b465ee728b)  -> (artifact id: '9294530a72b201c8cbb538ea64975144') in 0.028009 seconds 
========================================================================
Received Import Request.
  Time since last request: 0.000021 seconds.
  path: Assets/UnityStore[]/Fantasy Skybox FREE/Cubemaps/FS013/FS013_Snowy_Cubemap.mat
  artifactKey: Guid(87567e7d36a377546a61db55aebf554c) Importer(815301076,1909f56bfc062723c751e8b465ee728b)
Start importing Assets/UnityStore[]/Fantasy Skybox FREE/Cubemaps/FS013/FS013_Snowy_Cubemap.mat using Guid(87567e7d36a377546a61db55aebf554c) Importer(815301076,1909f56bfc062723c751e8b465ee728b)  -> (artifact id: '79f8b572dda0e144f8cda3209bfd4f2b') in 0.053814 seconds 
========================================================================
Received Import Request.
  Time since last request: 0.000025 seconds.
  path: Assets/UnityStore[]/Fantasy Skybox FREE/Cubemaps/FS013/FS013_Sunset_Cubemap.mat
  artifactKey: Guid(2b0ee035e6c540241b0977a4f54c7425) Importer(815301076,1909f56bfc062723c751e8b465ee728b)
Start importing Assets/UnityStore[]/Fantasy Skybox FREE/Cubemaps/FS013/FS013_Sunset_Cubemap.mat using Guid(2b0ee035e6c540241b0977a4f54c7425) Importer(815301076,1909f56bfc062723c751e8b465ee728b)  -> (artifact id: '04dfedc57778b3fdad6fd760d9270007') in 0.051100 seconds 
========================================================================
Received Import Request.
  Time since last request: 0.000021 seconds.
  path: Assets/UnityStore[]/Fantasy Skybox FREE/Panoramics/FS017/FS017_Rainy.mat
  artifactKey: Guid(7a8675eb396637d43b4ba0a69cc715a5) Importer(815301076,1909f56bfc062723c751e8b465ee728b)
Start importing Assets/UnityStore[]/Fantasy Skybox FREE/Panoramics/FS017/FS017_Rainy.mat using Guid(7a8675eb396637d43b4ba0a69cc715a5) Importer(815301076,1909f56bfc062723c751e8b465ee728b)  -> (artifact id: 'c3f0fd83de150ad8f37052121c58b6ba') in 0.025887 seconds 
========================================================================
Received Import Request.
  Time since last request: 0.000024 seconds.
  path: Assets/UnityStore[]/Fantasy Skybox FREE/Cubemaps/FS017/FS017_Sunrise_Cubemap.mat
  artifactKey: Guid(77874dbfcee9b034fb544786292018c3) Importer(815301076,1909f56bfc062723c751e8b465ee728b)
Start importing Assets/UnityStore[]/Fantasy Skybox FREE/Cubemaps/FS017/FS017_Sunrise_Cubemap.mat using Guid(77874dbfcee9b034fb544786292018c3) Importer(815301076,1909f56bfc062723c751e8b465ee728b)  -> (artifact id: 'eb1a3b1aee20ae618ef47ce253be35c9') in 0.051916 seconds 
========================================================================
Received Import Request.
  Time since last request: 0.000030 seconds.
  path: Assets/UnityStore[]/Fantasy Skybox FREE/Panoramics/FS003/FS003_Night_Moonless.mat
  artifactKey: Guid(20cbde986f628bb41bbc92dfd61311cf) Importer(815301076,1909f56bfc062723c751e8b465ee728b)
Start importing Assets/UnityStore[]/Fantasy Skybox FREE/Panoramics/FS003/FS003_Night_Moonless.mat using Guid(20cbde986f628bb41bbc92dfd61311cf) Importer(815301076,1909f56bfc062723c751e8b465ee728b)  -> (artifact id: '4488316da9b6c4f67eb3bd5c51e6cab7') in 0.024779 seconds 
========================================================================
Received Import Request.
  Time since last request: 0.000023 seconds.
  path: Assets/TextMesh Pro/Resources/Fonts & Materials/LiberationSans SDF - Outline.mat
  artifactKey: Guid(79459efec17a4d00a321bdcc27bbc385) Importer(815301076,1909f56bfc062723c751e8b465ee728b)
Start importing Assets/TextMesh Pro/Resources/Fonts & Materials/LiberationSans SDF - Outline.mat using Guid(79459efec17a4d00a321bdcc27bbc385) Importer(815301076,1909f56bfc062723c751e8b465ee728b)  -> (artifact id: '86a3a7123a8bd7606fcc24c9d2e81e4e') in 0.077707 seconds 
========================================================================
Received Import Request.
  Time since last request: 0.000018 seconds.
  path: Assets/UnityStore[]/Fantasy Skybox FREE/Cubemaps/FS013/FS013_Day_Sunless_Cubemap.mat
  artifactKey: Guid(4daf60de510e93a4b82c4717c0cb4688) Importer(815301076,1909f56bfc062723c751e8b465ee728b)
Start importing Assets/UnityStore[]/Fantasy Skybox FREE/Cubemaps/FS013/FS013_Day_Sunless_Cubemap.mat using Guid(4daf60de510e93a4b82c4717c0cb4688) Importer(815301076,1909f56bfc062723c751e8b465ee728b)  -> (artifact id: '330bd570a3ad9a88ae78306658677ce8') in 0.051963 seconds 
========================================================================
Received Import Request.
  Time since last request: 0.000018 seconds.
  path: Assets/UnityStore[]/Fantasy Skybox FREE/Panoramics/FS003/FS003_Snowy.mat
  artifactKey: Guid(b141c8e4f6387ef45b13a68b10c88b7f) Importer(815301076,1909f56bfc062723c751e8b465ee728b)
Start importing Assets/UnityStore[]/Fantasy Skybox FREE/Panoramics/FS003/FS003_Snowy.mat using Guid(b141c8e4f6387ef45b13a68b10c88b7f) Importer(815301076,1909f56bfc062723c751e8b465ee728b)  -> (artifact id: '5ba07005d542a0f10bd42d53e45359d8') in 0.030273 seconds 
========================================================================
Received Import Request.
  Time since last request: 0.000030 seconds.
  path: Assets/UnityStore[]/Fantasy Skybox FREE/Panoramics/FS003/FS003_Day_Sunless.mat
  artifactKey: Guid(0f1401d983cde1c49a7f687a57e62c5a) Importer(815301076,1909f56bfc062723c751e8b465ee728b)
Start importing Assets/UnityStore[]/Fantasy Skybox FREE/Panoramics/FS003/FS003_Day_Sunless.mat using Guid(0f1401d983cde1c49a7f687a57e62c5a) Importer(815301076,1909f56bfc062723c751e8b465ee728b)  -> (artifact id: 'a9c09e1fd43d55a8f783fe0dafaefed3') in 0.026531 seconds 
========================================================================
Received Import Request.
  Time since last request: 0.000027 seconds.
  path: Assets/UnityStore[]/Fantasy Skybox FREE/Cubemaps/FS017/FS017_Day_Sunless_Cubemap.mat
  artifactKey: Guid(0cd0203ab60f88f4db947a87b4f57cbd) Importer(815301076,1909f56bfc062723c751e8b465ee728b)
Start importing Assets/UnityStore[]/Fantasy Skybox FREE/Cubemaps/FS017/FS017_Day_Sunless_Cubemap.mat using Guid(0cd0203ab60f88f4db947a87b4f57cbd) Importer(815301076,1909f56bfc062723c751e8b465ee728b)  -> (artifact id: '288ba24732c383f6b8a19cd230d6dfa8') in 0.053355 seconds 
========================================================================
Received Import Request.
  Time since last request: 0.000034 seconds.
  path: Assets/UnityStore[]/Stylized Water/Materials/Stylized Water 3.mat
  artifactKey: Guid(30713a051052b4d25b10f61c7c53434c) Importer(815301076,1909f56bfc062723c751e8b465ee728b)
Start importing Assets/UnityStore[]/Stylized Water/Materials/Stylized Water 3.mat using Guid(30713a051052b4d25b10f61c7c53434c) Importer(815301076,1909f56bfc062723c751e8b465ee728b)  -> (artifact id: 'cfa1f699c62c618f0ce6b7e7dc6cc247') in 0.024420 seconds 
========================================================================
Received Import Request.
  Time since last request: 0.000016 seconds.
  path: Assets/UnityStore[]/QuickOutline/Resources/Materials/OutlineMask.mat
  artifactKey: Guid(106f3ff43a17d4967a2b64c7a92e49ec) Importer(815301076,1909f56bfc062723c751e8b465ee728b)
Start importing Assets/UnityStore[]/QuickOutline/Resources/Materials/OutlineMask.mat using Guid(106f3ff43a17d4967a2b64c7a92e49ec) Importer(815301076,1909f56bfc062723c751e8b465ee728b)  -> (artifact id: '5ed1a49be6c746fd56cd1a283637aa85') in 0.019700 seconds 
========================================================================
Received Import Request.
  Time since last request: 0.000016 seconds.
  path: Assets/UnityStore[]/Fantasy Skybox FREE/Panoramics/FS003/FS003_Sunset.mat
  artifactKey: Guid(6e00f8b39315691449f256740a5cb862) Importer(815301076,1909f56bfc062723c751e8b465ee728b)
Start importing Assets/UnityStore[]/Fantasy Skybox FREE/Panoramics/FS003/FS003_Sunset.mat using Guid(6e00f8b39315691449f256740a5cb862) Importer(815301076,1909f56bfc062723c751e8b465ee728b)  -> (artifact id: '7dbb6e96a4caa38916bc88721d987248') in 0.027968 seconds 
========================================================================
Received Import Request.
  Time since last request: 0.000019 seconds.
  path: Assets/UnityStore[]/Fantasy Skybox FREE/Panoramics/FS017/FS017_Day_Sunless.mat
  artifactKey: Guid(416ee80c6a09f9b4fb43d9aa43f4a057) Importer(815301076,1909f56bfc062723c751e8b465ee728b)
Start importing Assets/UnityStore[]/Fantasy Skybox FREE/Panoramics/FS017/FS017_Day_Sunless.mat using Guid(416ee80c6a09f9b4fb43d9aa43f4a057) Importer(815301076,1909f56bfc062723c751e8b465ee728b)  -> (artifact id: 'd3ca5293f71e9108b56f9efcb8ffdcd3') in 0.026666 seconds 
========================================================================
Received Import Request.
  Time since last request: 0.000021 seconds.
  path: Assets/TextMesh Pro/Examples & Extras/Resources/Fonts & Materials/LiberationSans SDF - Metalic Green.mat
  artifactKey: Guid(8b29aaa3eec7468097ff07adfcf29ac9) Importer(815301076,1909f56bfc062723c751e8b465ee728b)
Start importing Assets/TextMesh Pro/Examples & Extras/Resources/Fonts & Materials/LiberationSans SDF - Metalic Green.mat using Guid(8b29aaa3eec7468097ff07adfcf29ac9) Importer(815301076,1909f56bfc062723c751e8b465ee728b)  -> (artifact id: '7b193ce32dfeb9fe417d97d6882cb34e') in 0.124345 seconds 
========================================================================
Received Import Request.
  Time since last request: 8.523700 seconds.
  path: Assets/UnityStore[]/Stylized Water/Textures/CausticsDeep.bmp
  artifactKey: Guid(0aef2eb065fd04509a54f6f349c65956) Importer(815301076,1909f56bfc062723c751e8b465ee728b)
Start importing Assets/UnityStore[]/Stylized Water/Textures/CausticsDeep.bmp using Guid(0aef2eb065fd04509a54f6f349c65956) Importer(815301076,1909f56bfc062723c751e8b465ee728b)  -> (artifact id: '88d5bbaadfebb9329d5ed2ea9041ec9e') in 0.012499 seconds 
========================================================================
Received Import Request.
  Time since last request: 0.024592 seconds.
  path: Assets/TextMesh Pro/Examples & Extras/Sprites/Default Sprites.png
  artifactKey: Guid(a0fc465d6cf04254a2938578735e2383) Importer(815301076,1909f56bfc062723c751e8b465ee728b)
Start importing Assets/TextMesh Pro/Examples & Extras/Sprites/Default Sprites.png using Guid(a0fc465d6cf04254a2938578735e2383) Importer(815301076,1909f56bfc062723c751e8b465ee728b)  -> (artifact id: 'b7b7b34e3b8bd328f936dfe9086d229c') in 0.015942 seconds 
========================================================================
Received Import Request.
  Time since last request: 0.225811 seconds.
  path: Assets/TextMesh Pro/Examples & Extras/Textures/Floor Cement.jpg
  artifactKey: Guid(283f897e4925411ebbaa758b4cb13fc2) Importer(815301076,1909f56bfc062723c751e8b465ee728b)
Start importing Assets/TextMesh Pro/Examples & Extras/Textures/Floor Cement.jpg using Guid(283f897e4925411ebbaa758b4cb13fc2) Importer(815301076,1909f56bfc062723c751e8b465ee728b)  -> (artifact id: '489563b274d53fc184e5cf65ff956d93') in 0.013385 seconds 
========================================================================
Received Import Request.
  Time since last request: 0.227856 seconds.
  path: Assets/UnityStore[]/Fantasy Skybox FREE/Cubemaps/Classic/FS000_Day_01_Sunless.png
  artifactKey: Guid(d6a64d96999aec647a489f7d73c1a4c6) Importer(815301076,1909f56bfc062723c751e8b465ee728b)
Start importing Assets/UnityStore[]/Fantasy Skybox FREE/Cubemaps/Classic/FS000_Day_01_Sunless.png using Guid(d6a64d96999aec647a489f7d73c1a4c6) Importer(815301076,1909f56bfc062723c751e8b465ee728b)  -> (artifact id: '567fe3652682a283439d2e41bb1e1974') in 0.027253 seconds 
========================================================================
Received Import Request.
  Time since last request: 0.015190 seconds.
  path: Assets/UnityStore[]/Fantasy Skybox FREE/Cubemaps/Classic/FS000_Day_03_Sunless.png
  artifactKey: Guid(6b057cc84b9df8440b171f96ff306279) Importer(815301076,1909f56bfc062723c751e8b465ee728b)
Start importing Assets/UnityStore[]/Fantasy Skybox FREE/Cubemaps/Classic/FS000_Day_03_Sunless.png using Guid(6b057cc84b9df8440b171f96ff306279) Importer(815301076,1909f56bfc062723c751e8b465ee728b)  -> (artifact id: 'bb3842d1b5728ee95198e4c1e59a0140') in 0.030230 seconds 
========================================================================
Received Import Request.
  Time since last request: 0.200044 seconds.
  path: Assets/UnityStore[]/Fantasy Skybox FREE/Cubemaps/Classic/FS000_Day_05_Sunless.png
  artifactKey: Guid(33762238fbd938c4c97707195d7e97e2) Importer(815301076,1909f56bfc062723c751e8b465ee728b)
Start importing Assets/UnityStore[]/Fantasy Skybox FREE/Cubemaps/Classic/FS000_Day_05_Sunless.png using Guid(33762238fbd938c4c97707195d7e97e2) Importer(815301076,1909f56bfc062723c751e8b465ee728b)  -> (artifact id: 'bac69d1d74f960ef2684884a431708c5') in 0.023689 seconds 
========================================================================
Received Import Request.
  Time since last request: 0.027614 seconds.
  path: Assets/UnityStore[]/Fantasy Skybox FREE/Cubemaps/Classic/FS000_Night_01_Moonless.png
  artifactKey: Guid(ac8a32e5107b67a47939926c52798a2b) Importer(815301076,1909f56bfc062723c751e8b465ee728b)
Start importing Assets/UnityStore[]/Fantasy Skybox FREE/Cubemaps/Classic/FS000_Night_01_Moonless.png using Guid(ac8a32e5107b67a47939926c52798a2b) Importer(815301076,1909f56bfc062723c751e8b465ee728b)  -> (artifact id: '746ac9f01e1b63145824f728c55720d1') in 0.028936 seconds 
========================================================================
Received Import Request.
  Time since last request: 0.223453 seconds.
  path: Assets/UnityStore[]/Fantasy Skybox FREE/Cubemaps/Classic/FS000_Night_03_Moonless.png
  artifactKey: Guid(72dbfaf2e11e92744a2ff15822b9079f) Importer(815301076,1909f56bfc062723c751e8b465ee728b)
Start importing Assets/UnityStore[]/Fantasy Skybox FREE/Cubemaps/Classic/FS000_Night_03_Moonless.png using Guid(72dbfaf2e11e92744a2ff15822b9079f) Importer(815301076,1909f56bfc062723c751e8b465ee728b)  -> (artifact id: 'af59757bcae7439a17bdddeee7355ba0') in 0.024005 seconds 
========================================================================
Received Import Request.
  Time since last request: 0.012321 seconds.
  path: Assets/UnityStore[]/Fantasy Skybox FREE/Cubemaps/FS002/Images/FS002_Day_Cubemap_down.png
  artifactKey: Guid(20556ff95cea2fa44a44cd07980dae85) Importer(815301076,1909f56bfc062723c751e8b465ee728b)
Start importing Assets/UnityStore[]/Fantasy Skybox FREE/Cubemaps/FS002/Images/FS002_Day_Cubemap_down.png using Guid(20556ff95cea2fa44a44cd07980dae85) Importer(815301076,1909f56bfc062723c751e8b465ee728b)  -> (artifact id: '1142687cbc9ccef537eab4454774d658') in 0.011847 seconds 
========================================================================
Received Import Request.
  Time since last request: 0.214805 seconds.
  path: Assets/UnityStore[]/Fantasy Skybox FREE/Cubemaps/FS002/Images/FS002_Day_Cubemap_up.png
  artifactKey: Guid(f51f90147d7350747957e1c406e8d741) Importer(815301076,1909f56bfc062723c751e8b465ee728b)
Start importing Assets/UnityStore[]/Fantasy Skybox FREE/Cubemaps/FS002/Images/FS002_Day_Cubemap_up.png using Guid(f51f90147d7350747957e1c406e8d741) Importer(815301076,1909f56bfc062723c751e8b465ee728b)  -> (artifact id: '77b5858c41324bfd33b8c4a1e7e71162') in 0.012227 seconds 
========================================================================
Received Import Request.
  Time since last request: 0.012632 seconds.
  path: Assets/UnityStore[]/Fantasy Skybox FREE/Cubemaps/FS002/Images/FS002_Day_Sunless_Cubemap.cubemap
  artifactKey: Guid(bd29e26ce260cf6469bb6afcba3d8518) Importer(815301076,1909f56bfc062723c751e8b465ee728b)
Start importing Assets/UnityStore[]/Fantasy Skybox FREE/Cubemaps/FS002/Images/FS002_Day_Sunless_Cubemap.cubemap using Guid(bd29e26ce260cf6469bb6afcba3d8518) Importer(815301076,1909f56bfc062723c751e8b465ee728b)  -> (artifact id: '76c152667c8ae279e7f7e011362c7140') in 0.235215 seconds 
========================================================================
Received Import Request.
  Time since last request: 0.011575 seconds.
  path: Assets/UnityStore[]/Fantasy Skybox FREE/Cubemaps/FS002/Images/FS002_Night_Cubemap.cubemap
  artifactKey: Guid(da75575e77bc9304683635a65523ee70) Importer(815301076,1909f56bfc062723c751e8b465ee728b)
Start importing Assets/UnityStore[]/Fantasy Skybox FREE/Cubemaps/FS002/Images/FS002_Night_Cubemap.cubemap using Guid(da75575e77bc9304683635a65523ee70) Importer(815301076,1909f56bfc062723c751e8b465ee728b)  -> (artifact id: 'a3c6c7267140d52c91a99f5be6bd3735') in 0.219977 seconds 
========================================================================
Received Import Request.
  Time since last request: 0.076025 seconds.
  path: Assets/UnityStore[]/Fantasy Skybox FREE/Cubemaps/FS002/Images/FS002_Night_Moonless_Cubemap_down.png
  artifactKey: Guid(7882ac1dcab7a194ebe99d7d338c053c) Importer(815301076,1909f56bfc062723c751e8b465ee728b)
Start importing Assets/UnityStore[]/Fantasy Skybox FREE/Cubemaps/FS002/Images/FS002_Night_Moonless_Cubemap_down.png using Guid(7882ac1dcab7a194ebe99d7d338c053c) Importer(815301076,1909f56bfc062723c751e8b465ee728b)  -> (artifact id: '7e7c92a9a4dbbc8ef369c7498aaedc53') in 0.011173 seconds 
========================================================================
Received Import Request.
  Time since last request: 0.000027 seconds.
  path: Assets/UnityStore[]/Fantasy Skybox FREE/Cubemaps/FS002/Images/FS002_Night_Moonless_Cubemap_left.png
  artifactKey: Guid(8d15536d3f1f2a3489020ddb892aa2cd) Importer(815301076,1909f56bfc062723c751e8b465ee728b)
Start importing Assets/UnityStore[]/Fantasy Skybox FREE/Cubemaps/FS002/Images/FS002_Night_Moonless_Cubemap_left.png using Guid(8d15536d3f1f2a3489020ddb892aa2cd) Importer(815301076,1909f56bfc062723c751e8b465ee728b)  -> (artifact id: '990ccfcb08f6a3d0b96aa77e578ded49') in 0.013472 seconds 
========================================================================
Received Import Request.
  Time since last request: 0.009765 seconds.
  path: Assets/UnityStore[]/Fantasy Skybox FREE/Cubemaps/FS002/Images/FS002_Night_Moonless_Cubemap_up.png
  artifactKey: Guid(11eaa9f4f73aeb248921dd15ce537f5c) Importer(815301076,1909f56bfc062723c751e8b465ee728b)
Start importing Assets/UnityStore[]/Fantasy Skybox FREE/Cubemaps/FS002/Images/FS002_Night_Moonless_Cubemap_up.png using Guid(11eaa9f4f73aeb248921dd15ce537f5c) Importer(815301076,1909f56bfc062723c751e8b465ee728b)  -> (artifact id: '7844a017ce51e6afcdc574bfc6d3bb1e') in 0.014753 seconds 
========================================================================
Received Import Request.
  Time since last request: 0.207443 seconds.
  path: Assets/UnityStore[]/Fantasy Skybox FREE/Cubemaps/FS002/Images/FS002_Rainy_Cubemap_down.png
  artifactKey: Guid(c0718f3f75575524d86b09eb3052e548) Importer(815301076,1909f56bfc062723c751e8b465ee728b)
Start importing Assets/UnityStore[]/Fantasy Skybox FREE/Cubemaps/FS002/Images/FS002_Rainy_Cubemap_down.png using Guid(c0718f3f75575524d86b09eb3052e548) Importer(815301076,1909f56bfc062723c751e8b465ee728b)  -> (artifact id: '2cff09d6043ca87249a9cffe43eca01e') in 0.018727 seconds 
========================================================================
Received Import Request.
  Time since last request: 0.023255 seconds.
  path: Assets/UnityStore[]/Fantasy Skybox FREE/Cubemaps/FS002/Images/FS002_Rainy_Cubemap_up.png
  artifactKey: Guid(d2256633dec885f48a58aff279ec6fdc) Importer(815301076,1909f56bfc062723c751e8b465ee728b)
Start importing Assets/UnityStore[]/Fantasy Skybox FREE/Cubemaps/FS002/Images/FS002_Rainy_Cubemap_up.png using Guid(d2256633dec885f48a58aff279ec6fdc) Importer(815301076,1909f56bfc062723c751e8b465ee728b)  -> (artifact id: '6048a762711db0a147aef117a410c145') in 0.012979 seconds 
========================================================================
Received Import Request.
  Time since last request: 0.000022 seconds.
  path: Assets/UnityStore[]/Fantasy Skybox FREE/Cubemaps/FS002/Images/FS002_Snowy_Cubemap_down.png
  artifactKey: Guid(02d4a4399e8152b41b7f44f1777b82fc) Importer(815301076,1909f56bfc062723c751e8b465ee728b)
Start importing Assets/UnityStore[]/Fantasy Skybox FREE/Cubemaps/FS002/Images/FS002_Snowy_Cubemap_down.png using Guid(02d4a4399e8152b41b7f44f1777b82fc) Importer(815301076,1909f56bfc062723c751e8b465ee728b)  -> (artifact id: 'c2da7abb69956c45947c7f024973d3c6') in 0.014212 seconds 
========================================================================
Received Import Request.
  Time since last request: 0.005981 seconds.
  path: Assets/UnityStore[]/Fantasy Skybox FREE/Cubemaps/FS002/Images/FS002_Snowy_Cubemap_left.png
  artifactKey: Guid(8642b1410a7fe114998fa108e1f7f511) Importer(815301076,1909f56bfc062723c751e8b465ee728b)
Start importing Assets/UnityStore[]/Fantasy Skybox FREE/Cubemaps/FS002/Images/FS002_Snowy_Cubemap_left.png using Guid(8642b1410a7fe114998fa108e1f7f511) Importer(815301076,1909f56bfc062723c751e8b465ee728b)  -> (artifact id: '7cdf5060d011dbb4bb2ae049e1593bdc') in 0.014303 seconds 
========================================================================
Received Import Request.
  Time since last request: 0.674960 seconds.
  path: Assets/UnityStore[]/Fantasy Skybox FREE/Cubemaps/FS002/Images/FS002_Snowy_Cubemap_up.png
  artifactKey: Guid(d8939e90d83381342b380f950e2728fa) Importer(815301076,1909f56bfc062723c751e8b465ee728b)
Start importing Assets/UnityStore[]/Fantasy Skybox FREE/Cubemaps/FS002/Images/FS002_Snowy_Cubemap_up.png using Guid(d8939e90d83381342b380f950e2728fa) Importer(815301076,1909f56bfc062723c751e8b465ee728b)  -> (artifact id: 'c6a9f56ffb5534944f6628974bf9f70a') in 0.015101 seconds 
========================================================================
Received Import Request.
  Time since last request: 0.000013 seconds.
  path: Assets/UnityStore[]/Fantasy Skybox FREE/Cubemaps/FS002/Images/FS002_Sunrise_Cubemap_back.png
  artifactKey: Guid(b4ccf83220ab6a841a75c3f6ed87b039) Importer(815301076,1909f56bfc062723c751e8b465ee728b)
Start importing Assets/UnityStore[]/Fantasy Skybox FREE/Cubemaps/FS002/Images/FS002_Sunrise_Cubemap_back.png using Guid(b4ccf83220ab6a841a75c3f6ed87b039) Importer(815301076,1909f56bfc062723c751e8b465ee728b)  -> (artifact id: '87c460276edce9eaed514d0de704dcdf') in 0.015462 seconds 
========================================================================
Received Import Request.
  Time since last request: 0.000016 seconds.
  path: Assets/UnityStore[]/Fantasy Skybox FREE/Cubemaps/FS002/Images/FS002_Sunset_Cubemap.cubemap
  artifactKey: Guid(6b15d921064ff3946a766fa4b8433080) Importer(815301076,1909f56bfc062723c751e8b465ee728b)
Start importing Assets/UnityStore[]/Fantasy Skybox FREE/Cubemaps/FS002/Images/FS002_Sunset_Cubemap.cubemap using Guid(6b15d921064ff3946a766fa4b8433080) Importer(815301076,1909f56bfc062723c751e8b465ee728b)  -> (artifact id: 'fe1273e538ba89c33e1ed379c0270b1c') in 0.249900 seconds 
========================================================================
Received Import Request.
  Time since last request: 0.000027 seconds.
  path: Assets/UnityStore[]/Fantasy Skybox FREE/Cubemaps/FS003/Images/FS003_Sunset_Cubemap_up.png
  artifactKey: Guid(13c455289785d924bbcd1bdf63676307) Importer(815301076,1909f56bfc062723c751e8b465ee728b)
Start importing Assets/UnityStore[]/Fantasy Skybox FREE/Cubemaps/FS003/Images/FS003_Sunset_Cubemap_up.png using Guid(13c455289785d924bbcd1bdf63676307) Importer(815301076,1909f56bfc062723c751e8b465ee728b)  -> (artifact id: 'ae7e686be810cb6ea14315030d5e0647') in 0.015208 seconds 
========================================================================
Received Import Request.
  Time since last request: 0.000046 seconds.
  path: Assets/UnityStore[]/Fantasy Skybox FREE/Cubemaps/FS013/Images/FS013_Day_Cubemap_front.png
  artifactKey: Guid(6413e41406a0ee5408f4e8a51c7b1290) Importer(815301076,1909f56bfc062723c751e8b465ee728b)
Start importing Assets/UnityStore[]/Fantasy Skybox FREE/Cubemaps/FS013/Images/FS013_Day_Cubemap_front.png using Guid(6413e41406a0ee5408f4e8a51c7b1290) Importer(815301076,1909f56bfc062723c751e8b465ee728b)  -> (artifact id: '2f20782ed98ee60e399994dbde2c3a4a') in 0.012631 seconds 
========================================================================
Received Import Request.
  Time since last request: 0.000024 seconds.
  path: Assets/UnityStore[]/Fantasy Skybox FREE/Cubemaps/FS013/Images/FS013_Day_Sunless_Cubemap_right.png
  artifactKey: Guid(65247aa78283304418e233f6d7983a2f) Importer(815301076,1909f56bfc062723c751e8b465ee728b)
Start importing Assets/UnityStore[]/Fantasy Skybox FREE/Cubemaps/FS013/Images/FS013_Day_Sunless_Cubemap_right.png using Guid(65247aa78283304418e233f6d7983a2f) Importer(815301076,1909f56bfc062723c751e8b465ee728b)  -> (artifact id: '91341b8be9466b50e524af3c4b6ac2a3') in 0.013755 seconds 
========================================================================
Received Import Request.
  Time since last request: 0.000027 seconds.
  path: Assets/UnityStore[]/Fantasy Skybox FREE/Cubemaps/FS013/Images/FS013_Night_Cubemap.cubemap
  artifactKey: Guid(dc383fcb324f6734e9aa57fbe7fb8533) Importer(815301076,1909f56bfc062723c751e8b465ee728b)
Start importing Assets/UnityStore[]/Fantasy Skybox FREE/Cubemaps/FS013/Images/FS013_Night_Cubemap.cubemap using Guid(dc383fcb324f6734e9aa57fbe7fb8533) Importer(815301076,1909f56bfc062723c751e8b465ee728b)  -> (artifact id: '9c061aeacb71b2f319dff900e411f2d2') in 0.230679 seconds 
========================================================================
Received Import Request.
  Time since last request: 0.000072 seconds.
  path: Assets/UnityStore[]/Fantasy Skybox FREE/Panoramics/FS013/FS013_Night_Moonless.png
  artifactKey: Guid(a81552b25f3b36b43b82a6c5daf6e098) Importer(815301076,1909f56bfc062723c751e8b465ee728b)
Start importing Assets/UnityStore[]/Fantasy Skybox FREE/Panoramics/FS013/FS013_Night_Moonless.png using Guid(a81552b25f3b36b43b82a6c5daf6e098) Importer(815301076,1909f56bfc062723c751e8b465ee728b)  -> (artifact id: 'a7f25bd7bce30f57a13b5c970c4aa9e3') in 0.013104 seconds 
========================================================================
Received Import Request.
  Time since last request: 0.000021 seconds.
  path: Assets/UnityStore[]/Fantasy Skybox FREE/Cubemaps/FS013/Images/FS013_Night_Moonless_Cubemap_back.png
  artifactKey: Guid(41826ca287104f34ab7f74401ab053dd) Importer(815301076,1909f56bfc062723c751e8b465ee728b)
Start importing Assets/UnityStore[]/Fantasy Skybox FREE/Cubemaps/FS013/Images/FS013_Night_Moonless_Cubemap_back.png using Guid(41826ca287104f34ab7f74401ab053dd) Importer(815301076,1909f56bfc062723c751e8b465ee728b)  -> (artifact id: '6e22365affc904a4e19c250f2f8d3ead') in 0.018051 seconds 
========================================================================
Received Import Request.
  Time since last request: 0.000027 seconds.
  path: Assets/UnityStore[]/Fantasy Skybox FREE/Cubemaps/FS013/Images/FS013_Night_Cubemap_left.png
  artifactKey: Guid(f08f41782da683a4daaae9abb6941295) Importer(815301076,1909f56bfc062723c751e8b465ee728b)
Start importing Assets/UnityStore[]/Fantasy Skybox FREE/Cubemaps/FS013/Images/FS013_Night_Cubemap_left.png using Guid(f08f41782da683a4daaae9abb6941295) Importer(815301076,1909f56bfc062723c751e8b465ee728b)  -> (artifact id: '2868cf4cca279f1346cb7f50f92e4424') in 0.012783 seconds 
========================================================================
Received Import Request.
  Time since last request: 0.000028 seconds.
  path: Assets/UnityStore[]/Fantasy Skybox FREE/Cubemaps/FS003/Images/FS003_Night_Cubemap_down.png
  artifactKey: Guid(b1640b8d29bde89459ccc716a7109c0f) Importer(815301076,1909f56bfc062723c751e8b465ee728b)
Start importing Assets/UnityStore[]/Fantasy Skybox FREE/Cubemaps/FS003/Images/FS003_Night_Cubemap_down.png using Guid(b1640b8d29bde89459ccc716a7109c0f) Importer(815301076,1909f56bfc062723c751e8b465ee728b)  -> (artifact id: '715f93707ea649c99ad4b5a5cab4c64e') in 0.014929 seconds 
========================================================================
Received Import Request.
  Time since last request: 0.000020 seconds.
  path: Assets/UnityStore[]/Fantasy Skybox FREE/Cubemaps/FS003/Images/FS003_Sunset_Cubemap_back.png
  artifactKey: Guid(5e21b35afb9f059418e1a8ee47f65382) Importer(815301076,1909f56bfc062723c751e8b465ee728b)
Start importing Assets/UnityStore[]/Fantasy Skybox FREE/Cubemaps/FS003/Images/FS003_Sunset_Cubemap_back.png using Guid(5e21b35afb9f059418e1a8ee47f65382) Importer(815301076,1909f56bfc062723c751e8b465ee728b)  -> (artifact id: '0878dd14b8b2b97fb356eff350ba1cde') in 0.014374 seconds 
========================================================================
Received Import Request.
  Time since last request: 0.000021 seconds.
  path: Assets/UnityStore[]/Fantasy Skybox FREE/Cubemaps/FS013/Images/FS013_Rainy_Cubemap_down.png
  artifactKey: Guid(3b3d4ff10b5623e4297c319466db5c99) Importer(815301076,1909f56bfc062723c751e8b465ee728b)
Start importing Assets/UnityStore[]/Fantasy Skybox FREE/Cubemaps/FS013/Images/FS013_Rainy_Cubemap_down.png using Guid(3b3d4ff10b5623e4297c319466db5c99) Importer(815301076,1909f56bfc062723c751e8b465ee728b)  -> (artifact id: '183aee4156b83515596d09c7d30fc531') in 0.014188 seconds 
========================================================================
Received Import Request.
  Time since last request: 0.000029 seconds.
  path: Assets/UnityStore[]/Fantasy Skybox FREE/Panoramics/FS013/FS013_Day_Sunless.png
  artifactKey: Guid(20f8339484595a64b81579493040f0a0) Importer(815301076,1909f56bfc062723c751e8b465ee728b)
Start importing Assets/UnityStore[]/Fantasy Skybox FREE/Panoramics/FS013/FS013_Day_Sunless.png using Guid(20f8339484595a64b81579493040f0a0) Importer(815301076,1909f56bfc062723c751e8b465ee728b)  -> (artifact id: '4d1864cd72fd1774c27f886c69397e1b') in 0.012978 seconds 
========================================================================
Received Import Request.
  Time since last request: 0.000022 seconds.
  path: Assets/UnityStore[]/Fantasy Skybox FREE/Cubemaps/FS013/Images/FS013_Rainy_Cubemap_left.png
  artifactKey: Guid(e1484742f0675af4b8d27b842504d109) Importer(815301076,1909f56bfc062723c751e8b465ee728b)
Start importing Assets/UnityStore[]/Fantasy Skybox FREE/Cubemaps/FS013/Images/FS013_Rainy_Cubemap_left.png using Guid(e1484742f0675af4b8d27b842504d109) Importer(815301076,1909f56bfc062723c751e8b465ee728b)  -> (artifact id: '5b36db09278c158488296c840fd4d2fa') in 0.010540 seconds 
========================================================================
Received Import Request.
  Time since last request: 0.000023 seconds.
  path: Assets/UnityStore[]/Fantasy Skybox FREE/Cubemaps/FS013/Images/FS013_Day_Sunless_Cubemap_back.png
  artifactKey: Guid(95fdc0a55d9b26a4c91f378509734c05) Importer(815301076,1909f56bfc062723c751e8b465ee728b)
Start importing Assets/UnityStore[]/Fantasy Skybox FREE/Cubemaps/FS013/Images/FS013_Day_Sunless_Cubemap_back.png using Guid(95fdc0a55d9b26a4c91f378509734c05) Importer(815301076,1909f56bfc062723c751e8b465ee728b)  -> (artifact id: '3175ca8678ea5ba3ae71ff2a7e1bed3b') in 0.011457 seconds 
========================================================================
Received Import Request.
  Time since last request: 0.000016 seconds.
  path: Assets/UnityStore[]/Fantasy Skybox FREE/Cubemaps/FS003/Images/FS003_Rainy_Cubemap_left.png
  artifactKey: Guid(f1a53ac3fabab2443aa74074f37a0650) Importer(815301076,1909f56bfc062723c751e8b465ee728b)
Start importing Assets/UnityStore[]/Fantasy Skybox FREE/Cubemaps/FS003/Images/FS003_Rainy_Cubemap_left.png using Guid(f1a53ac3fabab2443aa74074f37a0650) Importer(815301076,1909f56bfc062723c751e8b465ee728b)  -> (artifact id: '50b2cc02ea8782c576072b20033147ff') in 0.011748 seconds 
========================================================================
Received Import Request.
  Time since last request: 0.000020 seconds.
  path: Assets/UnityStore[]/Fantasy Skybox FREE/Cubemaps/FS013/Images/FS013_Snowy_Cubemap_right.png
  artifactKey: Guid(5c46f2542d5351644a55816853af44c9) Importer(815301076,1909f56bfc062723c751e8b465ee728b)
Start importing Assets/UnityStore[]/Fantasy Skybox FREE/Cubemaps/FS013/Images/FS013_Snowy_Cubemap_right.png using Guid(5c46f2542d5351644a55816853af44c9) Importer(815301076,1909f56bfc062723c751e8b465ee728b)  -> (artifact id: '3f8abf70cbfa02c8f0d00d0671100c47') in 0.012740 seconds 
========================================================================
Received Import Request.
  Time since last request: 0.000019 seconds.
  path: Assets/UnityStore[]/Fantasy Skybox FREE/Cubemaps/FS013/Images/FS013_Day_Sunless_Cubemap.cubemap
  artifactKey: Guid(799f9f01e8236864daebb6fe934357e5) Importer(815301076,1909f56bfc062723c751e8b465ee728b)
Start importing Assets/UnityStore[]/Fantasy Skybox FREE/Cubemaps/FS013/Images/FS013_Day_Sunless_Cubemap.cubemap using Guid(799f9f01e8236864daebb6fe934357e5) Importer(815301076,1909f56bfc062723c751e8b465ee728b)  -> (artifact id: '824bdbb09d4a35fc10ccfceedeee363f') in 0.228705 seconds 
========================================================================
Received Import Request.
  Time since last request: 0.000022 seconds.
  path: Assets/UnityStore[]/Fantasy Skybox FREE/Cubemaps/FS013/Images/FS013_Day_Sunless_Cubemap_up.png
  artifactKey: Guid(ef31ee79206084e40a352dee2e02dff4) Importer(815301076,1909f56bfc062723c751e8b465ee728b)
Start importing Assets/UnityStore[]/Fantasy Skybox FREE/Cubemaps/FS013/Images/FS013_Day_Sunless_Cubemap_up.png using Guid(ef31ee79206084e40a352dee2e02dff4) Importer(815301076,1909f56bfc062723c751e8b465ee728b)  -> (artifact id: 'b592f0c7b0ae9f734360622df882a5c9') in 0.013529 seconds 
========================================================================
Received Import Request.
  Time since last request: 0.000026 seconds.
  path: Assets/UnityStore[]/Fantasy Skybox FREE/Cubemaps/FS017/Images/FS017_Rainy_Cubemap_left.png
  artifactKey: Guid(a9e6ef292edb96e418e6e0fd44a2ef1b) Importer(815301076,1909f56bfc062723c751e8b465ee728b)
Start importing Assets/UnityStore[]/Fantasy Skybox FREE/Cubemaps/FS017/Images/FS017_Rainy_Cubemap_left.png using Guid(a9e6ef292edb96e418e6e0fd44a2ef1b) Importer(815301076,1909f56bfc062723c751e8b465ee728b)  -> (artifact id: 'fff4b367a8e72e74553bf3134d3bdd3c') in 0.012249 seconds 
========================================================================
Received Import Request.
  Time since last request: 0.000017 seconds.
  path: Assets/UnityStore[]/Fantasy Skybox FREE/Cubemaps/FS017/Images/FS017_Rainy_Cubemap_right.png
  artifactKey: Guid(e4051bfa471d28d49bcbdd95f4265a75) Importer(815301076,1909f56bfc062723c751e8b465ee728b)
Start importing Assets/UnityStore[]/Fantasy Skybox FREE/Cubemaps/FS017/Images/FS017_Rainy_Cubemap_right.png using Guid(e4051bfa471d28d49bcbdd95f4265a75) Importer(815301076,1909f56bfc062723c751e8b465ee728b)  -> (artifact id: '9acc5a16cd8ee3e43b946af273b41a79') in 0.013109 seconds 
========================================================================
Received Import Request.
  Time since last request: 0.000017 seconds.
  path: Assets/UnityStore[]/Fantasy Skybox FREE/Cubemaps/FS013/Images/FS013_Night_Moonless_Cubemap.cubemap
  artifactKey: Guid(002c4ae081facae49b8d52962f0b32af) Importer(815301076,1909f56bfc062723c751e8b465ee728b)
Start importing Assets/UnityStore[]/Fantasy Skybox FREE/Cubemaps/FS013/Images/FS013_Night_Moonless_Cubemap.cubemap using Guid(002c4ae081facae49b8d52962f0b32af) Importer(815301076,1909f56bfc062723c751e8b465ee728b)  -> (artifact id: '92dada66cb69b2854c450d6bfc8187f2') in 0.218291 seconds 
========================================================================
Received Import Request.
  Time since last request: 0.000032 seconds.
  path: Assets/UnityStore[]/Fantasy Skybox FREE/Cubemaps/FS017/Images/FS017_Night_Moonless_Cubemap_up.png
  artifactKey: Guid(95bbdcf4ca504cd418f827c63be23bd9) Importer(815301076,1909f56bfc062723c751e8b465ee728b)
Start importing Assets/UnityStore[]/Fantasy Skybox FREE/Cubemaps/FS017/Images/FS017_Night_Moonless_Cubemap_up.png using Guid(95bbdcf4ca504cd418f827c63be23bd9) Importer(815301076,1909f56bfc062723c751e8b465ee728b)  -> (artifact id: '7cfbc11838af4e170574249cd7ea5ada') in 0.012221 seconds 
========================================================================
Received Import Request.
  Time since last request: 0.000028 seconds.
  path: Assets/UnityStore[]/Stylized Water/Textures/SmallWaves.TGA
  artifactKey: Guid(fab6b5b579fb24c1aa6ddc2fa68e4333) Importer(815301076,1909f56bfc062723c751e8b465ee728b)
Start importing Assets/UnityStore[]/Stylized Water/Textures/SmallWaves.TGA using Guid(fab6b5b579fb24c1aa6ddc2fa68e4333) Importer(815301076,1909f56bfc062723c751e8b465ee728b)  -> (artifact id: 'a2145ca6278280ccc8dfa4b4aea1328f') in 0.025066 seconds 
========================================================================
Received Import Request.
  Time since last request: 0.000020 seconds.
  path: Assets/UnityStore[]/Fantasy Skybox FREE/Cubemaps/FS017/Images/FS017_Day_Cubemap.cubemap
  artifactKey: Guid(4a17136d4157535469a91305bf7a462c) Importer(815301076,1909f56bfc062723c751e8b465ee728b)
Start importing Assets/UnityStore[]/Fantasy Skybox FREE/Cubemaps/FS017/Images/FS017_Day_Cubemap.cubemap using Guid(4a17136d4157535469a91305bf7a462c) Importer(815301076,1909f56bfc062723c751e8b465ee728b)  -> (artifact id: 'ec9a66706855218498229a7f3e2da8d5') in 0.224549 seconds 
========================================================================
Received Import Request.
  Time since last request: 0.000024 seconds.
  path: Assets/UnityStore[]/Fantasy Skybox FREE/Cubemaps/FS013/Images/FS013_Sunset_Cubemap_front.png
  artifactKey: Guid(ff8abd214316c8b40a27074464ed2778) Importer(815301076,1909f56bfc062723c751e8b465ee728b)
Start importing Assets/UnityStore[]/Fantasy Skybox FREE/Cubemaps/FS013/Images/FS013_Sunset_Cubemap_front.png using Guid(ff8abd214316c8b40a27074464ed2778) Importer(815301076,1909f56bfc062723c751e8b465ee728b)  -> (artifact id: 'cc1294f3f139deaecaee5dd165d0b1d9') in 0.012517 seconds 
========================================================================
Received Import Request.
  Time since last request: 0.000031 seconds.
  path: Assets/UnityStore[]/Fantasy Skybox FREE/Cubemaps/FS002/Images/FS002_Sunrise_Cubemap_right.png
  artifactKey: Guid(39714dc27ce0d9846bc94cc179c793b1) Importer(815301076,1909f56bfc062723c751e8b465ee728b)
Start importing Assets/UnityStore[]/Fantasy Skybox FREE/Cubemaps/FS002/Images/FS002_Sunrise_Cubemap_right.png using Guid(39714dc27ce0d9846bc94cc179c793b1) Importer(815301076,1909f56bfc062723c751e8b465ee728b)  -> (artifact id: '9d5f920839c8465ee176e8d3825ec1e2') in 0.012827 seconds 
========================================================================
Received Import Request.
  Time since last request: 0.000023 seconds.
  path: Assets/UnityStore[]/Fantasy Skybox FREE/Cubemaps/FS013/Images/FS013_Day_Cubemap_down.png
  artifactKey: Guid(bd047541345c68145ba0e6bacb5520fa) Importer(815301076,1909f56bfc062723c751e8b465ee728b)
Start importing Assets/UnityStore[]/Fantasy Skybox FREE/Cubemaps/FS013/Images/FS013_Day_Cubemap_down.png using Guid(bd047541345c68145ba0e6bacb5520fa) Importer(815301076,1909f56bfc062723c751e8b465ee728b)  -> (artifact id: 'bd3b41de8c483527244b8992dad19e5d') in 0.012704 seconds 
========================================================================
Received Import Request.
  Time since last request: 0.000018 seconds.
  path: Assets/UnityStore[]/Fantasy Skybox FREE/Cubemaps/FS017/Images/FS017_Night_Moonless_Cubemap_back.png
  artifactKey: Guid(ede0c531f3e788e4eb4583002c760b2d) Importer(815301076,1909f56bfc062723c751e8b465ee728b)
Start importing Assets/UnityStore[]/Fantasy Skybox FREE/Cubemaps/FS017/Images/FS017_Night_Moonless_Cubemap_back.png using Guid(ede0c531f3e788e4eb4583002c760b2d) Importer(815301076,1909f56bfc062723c751e8b465ee728b)  -> (artifact id: '22265e9f7fc4fb695c01f1e62150ef1e') in 0.013877 seconds 
========================================================================
Received Import Request.
  Time since last request: 0.000017 seconds.
  path: Assets/UnityStore[]/Fantasy Skybox FREE/Cubemaps/FS003/Images/FS003_Night_Cubemap_front.png
  artifactKey: Guid(99cfb9c227fe67048851a5a2b3ca4a69) Importer(815301076,1909f56bfc062723c751e8b465ee728b)
Start importing Assets/UnityStore[]/Fantasy Skybox FREE/Cubemaps/FS003/Images/FS003_Night_Cubemap_front.png using Guid(99cfb9c227fe67048851a5a2b3ca4a69) Importer(815301076,1909f56bfc062723c751e8b465ee728b)  -> (artifact id: 'e29a5e4069909c41739bc5bdb379690e') in 0.012336 seconds 
========================================================================
Received Import Request.
  Time since last request: 0.000016 seconds.
  path: Assets/UnityStore[]/Fantasy Skybox FREE/Cubemaps/FS017/Images/FS017_Rainy_Cubemap_back.png
  artifactKey: Guid(4676adb9ddb10894aa1ab60ff29414f5) Importer(815301076,1909f56bfc062723c751e8b465ee728b)
Start importing Assets/UnityStore[]/Fantasy Skybox FREE/Cubemaps/FS017/Images/FS017_Rainy_Cubemap_back.png using Guid(4676adb9ddb10894aa1ab60ff29414f5) Importer(815301076,1909f56bfc062723c751e8b465ee728b)  -> (artifact id: 'c52a69cfbd0f15b40ecd3079485518b7') in 0.013158 seconds 
========================================================================
Received Import Request.
  Time since last request: 0.000020 seconds.
  path: Assets/UnityStore[]/Fantasy Skybox FREE/Cubemaps/FS017/Images/FS017_Night_Moonless_Cubemap_right.png
  artifactKey: Guid(ed3bb36cf52f0fc42b747403264ec5a9) Importer(815301076,1909f56bfc062723c751e8b465ee728b)
Start importing Assets/UnityStore[]/Fantasy Skybox FREE/Cubemaps/FS017/Images/FS017_Night_Moonless_Cubemap_right.png using Guid(ed3bb36cf52f0fc42b747403264ec5a9) Importer(815301076,1909f56bfc062723c751e8b465ee728b)  -> (artifact id: '7bf1c3e93dcb4b00f4c5c9088d054d86') in 0.011860 seconds 
========================================================================
Received Import Request.
  Time since last request: 0.000022 seconds.
  path: Assets/UnityStore[]/Fantasy Skybox FREE/Cubemaps/FS013/Images/FS013_Night_Moonless_Cubemap_down.png
  artifactKey: Guid(e19faddf1ebd4f547a09cb46b6b3be0b) Importer(815301076,1909f56bfc062723c751e8b465ee728b)
Start importing Assets/UnityStore[]/Fantasy Skybox FREE/Cubemaps/FS013/Images/FS013_Night_Moonless_Cubemap_down.png using Guid(e19faddf1ebd4f547a09cb46b6b3be0b) Importer(815301076,1909f56bfc062723c751e8b465ee728b)  -> (artifact id: '79368a2ec0a3a02a7296a87e2dc6ce5a') in 0.011368 seconds 
========================================================================
Received Import Request.
  Time since last request: 0.000021 seconds.
  path: Assets/TextMesh Pro/Examples & Extras/Textures/Small Crate_diffuse.jpg
  artifactKey: Guid(602cb87b6a29443b8636370ea0751574) Importer(815301076,1909f56bfc062723c751e8b465ee728b)
Start importing Assets/TextMesh Pro/Examples & Extras/Textures/Small Crate_diffuse.jpg using Guid(602cb87b6a29443b8636370ea0751574) Importer(815301076,1909f56bfc062723c751e8b465ee728b)  -> (artifact id: 'f340f1b11aecd92ce73d5e94fa50a4c4') in 0.012973 seconds 
========================================================================
Received Import Request.
  Time since last request: 0.000021 seconds.
  path: Assets/TextMesh Pro/Examples & Extras/Textures/Wipe Pattern - Circle.psd
  artifactKey: Guid(10c49fcd9c64421db7c0133e61e55f97) Importer(815301076,1909f56bfc062723c751e8b465ee728b)
Start importing Assets/TextMesh Pro/Examples & Extras/Textures/Wipe Pattern - Circle.psd using Guid(10c49fcd9c64421db7c0133e61e55f97) Importer(815301076,1909f56bfc062723c751e8b465ee728b)  -> (artifact id: '0d3545b3cf26c2d80dd9b5514999ce8d') in 0.013077 seconds 
========================================================================
Received Import Request.
  Time since last request: 0.000019 seconds.
  path: Assets/UnityStore[]/Pirate_Ship_Pack/Textures/medium_ship_d3.png
  artifactKey: Guid(0463222f902747242bd537d6b4f54566) Importer(815301076,1909f56bfc062723c751e8b465ee728b)
Start importing Assets/UnityStore[]/Pirate_Ship_Pack/Textures/medium_ship_d3.png using Guid(0463222f902747242bd537d6b4f54566) Importer(815301076,1909f56bfc062723c751e8b465ee728b)  -> (artifact id: '0d256ad6ec993e830822523bffb90176') in 0.011312 seconds 
========================================================================
Received Import Request.
  Time since last request: 0.000029 seconds.
  path: Assets/UnityStore[]/Fantasy Skybox FREE/Panoramics/FS003/FS003_Snowy.png
  artifactKey: Guid(f4d685236ef56ef41a4ddef00508a2c5) Importer(815301076,1909f56bfc062723c751e8b465ee728b)
Start importing Assets/UnityStore[]/Fantasy Skybox FREE/Panoramics/FS003/FS003_Snowy.png using Guid(f4d685236ef56ef41a4ddef00508a2c5) Importer(815301076,1909f56bfc062723c751e8b465ee728b)  -> (artifact id: '159b88f1e89b0bdb5811244a3d4d8e0c') in 0.011792 seconds 
========================================================================
Received Import Request.
  Time since last request: 0.000027 seconds.
  path: Assets/TextMesh Pro/Examples & Extras/Textures/Sunny Days - Seamless.jpg
  artifactKey: Guid(17c350171f7a3ca479f830547c66d187) Importer(815301076,1909f56bfc062723c751e8b465ee728b)
Start importing Assets/TextMesh Pro/Examples & Extras/Textures/Sunny Days - Seamless.jpg using Guid(17c350171f7a3ca479f830547c66d187) Importer(815301076,1909f56bfc062723c751e8b465ee728b)  -> (artifact id: '45cb57180e68a95b99e7ff4632d3ad9d') in 0.012357 seconds 
========================================================================
Received Import Request.
  Time since last request: 0.000035 seconds.
  path: Assets/TextMesh Pro/Examples & Extras/Textures/Wipe Pattern - Diagonal.psd
  artifactKey: Guid(ed5290d8df18488780e2996b9b882f01) Importer(815301076,1909f56bfc062723c751e8b465ee728b)
Start importing Assets/TextMesh Pro/Examples & Extras/Textures/Wipe Pattern - Diagonal.psd using Guid(ed5290d8df18488780e2996b9b882f01) Importer(815301076,1909f56bfc062723c751e8b465ee728b)  -> (artifact id: '576c9591b4509adfd8ddc237865a3fc7') in 0.015825 seconds 
========================================================================
Received Import Request.
  Time since last request: 0.000018 seconds.
  path: Assets/UnityStore[]/Fantasy Skybox FREE/Cubemaps/FS017/Images/FS017_Night_Moonless_Cubemap_down.png
  artifactKey: Guid(3f604e637f058c446b0764c5f713a1e8) Importer(815301076,1909f56bfc062723c751e8b465ee728b)
Start importing Assets/UnityStore[]/Fantasy Skybox FREE/Cubemaps/FS017/Images/FS017_Night_Moonless_Cubemap_down.png using Guid(3f604e637f058c446b0764c5f713a1e8) Importer(815301076,1909f56bfc062723c751e8b465ee728b)  -> (artifact id: 'd09d56bf55c85889b23a1a9eaf25789d') in 0.011770 seconds 
========================================================================
Received Import Request.
  Time since last request: 0.000019 seconds.
  path: Assets/UnityStore[]/Fantasy Skybox FREE/Cubemaps/FS013/Images/FS013_Rainy_Cubemap_front.png
  artifactKey: Guid(546927bee9aa28046a0cca5cafdd4157) Importer(815301076,1909f56bfc062723c751e8b465ee728b)
Start importing Assets/UnityStore[]/Fantasy Skybox FREE/Cubemaps/FS013/Images/FS013_Rainy_Cubemap_front.png using Guid(546927bee9aa28046a0cca5cafdd4157) Importer(815301076,1909f56bfc062723c751e8b465ee728b)  -> (artifact id: '0f405d35265dc2ba2f7f96ad66e54b01') in 0.012483 seconds 
========================================================================
Received Import Request.
  Time since last request: 0.000020 seconds.
  path: Assets/UnityStore[]/Fantasy Skybox FREE/Cubemaps/FS002/Images/FS002_Sunset_Cubemap_up.png
  artifactKey: Guid(81862312e363d5548903cdb0d34a93ca) Importer(815301076,1909f56bfc062723c751e8b465ee728b)
Start importing Assets/UnityStore[]/Fantasy Skybox FREE/Cubemaps/FS002/Images/FS002_Sunset_Cubemap_up.png using Guid(81862312e363d5548903cdb0d34a93ca) Importer(815301076,1909f56bfc062723c751e8b465ee728b)  -> (artifact id: '235b32af6ce0b95ca3efd0c74e0f4367') in 0.011795 seconds 
========================================================================
Received Import Request.
  Time since last request: 0.000024 seconds.
  path: Assets/UnityStore[]/Fantasy Skybox FREE/Cubemaps/FS013/Images/FS013_Sunset_Cubemap_down.png
  artifactKey: Guid(81843544bdbcf7544a4807db93d3f72d) Importer(815301076,1909f56bfc062723c751e8b465ee728b)
Start importing Assets/UnityStore[]/Fantasy Skybox FREE/Cubemaps/FS013/Images/FS013_Sunset_Cubemap_down.png using Guid(81843544bdbcf7544a4807db93d3f72d) Importer(815301076,1909f56bfc062723c751e8b465ee728b)  -> (artifact id: '773c22d715cfd653efc3453bbe561595') in 0.011804 seconds 
========================================================================
Received Import Request.
  Time since last request: 0.000022 seconds.
  path: Assets/UnityStore[]/Fantasy Skybox FREE/Cubemaps/FS013/Images/FS013_Night_Moonless_Cubemap_right.png
  artifactKey: Guid(0c04157e983b36b40abf43be1065bfba) Importer(815301076,1909f56bfc062723c751e8b465ee728b)
Start importing Assets/UnityStore[]/Fantasy Skybox FREE/Cubemaps/FS013/Images/FS013_Night_Moonless_Cubemap_right.png using Guid(0c04157e983b36b40abf43be1065bfba) Importer(815301076,1909f56bfc062723c751e8b465ee728b)  -> (artifact id: '5df2931ebc2e4423d34d68afc05cdb34') in 0.011719 seconds 
========================================================================
Received Import Request.
  Time since last request: 0.000023 seconds.
  path: Assets/UnityStore[]/Fantasy Skybox FREE/Cubemaps/FS003/Images/FS003_Rainy_Cubemap_back.png
  artifactKey: Guid(f6ac85863725c724494103bfc8dc111c) Importer(815301076,1909f56bfc062723c751e8b465ee728b)
Start importing Assets/UnityStore[]/Fantasy Skybox FREE/Cubemaps/FS003/Images/FS003_Rainy_Cubemap_back.png using Guid(f6ac85863725c724494103bfc8dc111c) Importer(815301076,1909f56bfc062723c751e8b465ee728b)  -> (artifact id: 'bff09a1060fae84079d60596cf464360') in 0.011251 seconds 
========================================================================
Received Import Request.
  Time since last request: 0.000019 seconds.
  path: Assets/UnityStore[]/Fantasy Skybox FREE/Panoramics/FS017/FS017_Sunrise.png
  artifactKey: Guid(5e24d3ca061bf2b48a3e334c5cc4eab1) Importer(815301076,1909f56bfc062723c751e8b465ee728b)
Start importing Assets/UnityStore[]/Fantasy Skybox FREE/Panoramics/FS017/FS017_Sunrise.png using Guid(5e24d3ca061bf2b48a3e334c5cc4eab1) Importer(815301076,1909f56bfc062723c751e8b465ee728b)  -> (artifact id: '3f458b36ed4657dd5cf68d471a3b4841') in 0.010886 seconds 
========================================================================
Received Import Request.
  Time since last request: 0.000024 seconds.
  path: Assets/UnityStore[]/Fantasy Skybox FREE/Cubemaps/FS003/Images/FS003_Day_Sunless_Cubemap_left.png
  artifactKey: Guid(511b7abba6c662c40a0db075afdeeba7) Importer(815301076,1909f56bfc062723c751e8b465ee728b)
Start importing Assets/UnityStore[]/Fantasy Skybox FREE/Cubemaps/FS003/Images/FS003_Day_Sunless_Cubemap_left.png using Guid(511b7abba6c662c40a0db075afdeeba7) Importer(815301076,1909f56bfc062723c751e8b465ee728b)  -> (artifact id: 'e16d360f674943debccb470ebb45c12c') in 0.015622 seconds 
========================================================================
Received Import Request.
  Time since last request: 0.000020 seconds.
  path: Assets/TextMesh Pro/Examples & Extras/Textures/Wipe Pattern - Radial Double.psd
  artifactKey: Guid(7631f4eff8f74ed38eb3eb9db17134e1) Importer(815301076,1909f56bfc062723c751e8b465ee728b)
Start importing Assets/TextMesh Pro/Examples & Extras/Textures/Wipe Pattern - Radial Double.psd using Guid(7631f4eff8f74ed38eb3eb9db17134e1) Importer(815301076,1909f56bfc062723c751e8b465ee728b)  -> (artifact id: '30c9080f1ea05fb02300a28c1f033af5') in 0.014443 seconds 
========================================================================
Received Import Request.
  Time since last request: 0.000017 seconds.
  path: Assets/UnityStore[]/Fantasy Skybox FREE/Cubemaps/FS017/Images/FS017_Sunrise_Cubemap_back.png
  artifactKey: Guid(67bdf894ef942e54dbb7517bf80d7eda) Importer(815301076,1909f56bfc062723c751e8b465ee728b)
Start importing Assets/UnityStore[]/Fantasy Skybox FREE/Cubemaps/FS017/Images/FS017_Sunrise_Cubemap_back.png using Guid(67bdf894ef942e54dbb7517bf80d7eda) Importer(815301076,1909f56bfc062723c751e8b465ee728b)  -> (artifact id: '05acaeb0e35d94d302aca987e786e274') in 0.012236 seconds 
========================================================================
Received Import Request.
  Time since last request: 0.000024 seconds.
  path: Assets/UnityStore[]/Fantasy Skybox FREE/Panoramics/FS017/FS017_Day_Sunless.png
  artifactKey: Guid(268c93021d7cf59469304bd4e244f156) Importer(815301076,1909f56bfc062723c751e8b465ee728b)
Start importing Assets/UnityStore[]/Fantasy Skybox FREE/Panoramics/FS017/FS017_Day_Sunless.png using Guid(268c93021d7cf59469304bd4e244f156) Importer(815301076,1909f56bfc062723c751e8b465ee728b)  -> (artifact id: '68f2cff84689d4b2023e0fabefa0b369') in 0.011178 seconds 
========================================================================
Received Import Request.
  Time since last request: 0.000031 seconds.
  path: Assets/UnityStore[]/Fantasy Skybox FREE/Cubemaps/FS013/Images/FS013_Night_Moonless_Cubemap_up.png
  artifactKey: Guid(b5684e05449395e409f53fca3c26b13d) Importer(815301076,1909f56bfc062723c751e8b465ee728b)
Start importing Assets/UnityStore[]/Fantasy Skybox FREE/Cubemaps/FS013/Images/FS013_Night_Moonless_Cubemap_up.png using Guid(b5684e05449395e409f53fca3c26b13d) Importer(815301076,1909f56bfc062723c751e8b465ee728b)  -> (artifact id: 'a6f6f88e4a3e481e60fc2d671f05b9e3') in 0.012497 seconds 
========================================================================
Received Import Request.
  Time since last request: 0.000020 seconds.
  path: Assets/UnityStore[]/Fantasy Skybox FREE/Cubemaps/FS013/Images/FS013_Night_Moonless_Cubemap_left.png
  artifactKey: Guid(34bbb14e132afdf4490caf801157541c) Importer(815301076,1909f56bfc062723c751e8b465ee728b)
Start importing Assets/UnityStore[]/Fantasy Skybox FREE/Cubemaps/FS013/Images/FS013_Night_Moonless_Cubemap_left.png using Guid(34bbb14e132afdf4490caf801157541c) Importer(815301076,1909f56bfc062723c751e8b465ee728b)  -> (artifact id: 'cb42992b27a65b6c29fc92f5b6993d95') in 0.012445 seconds 
========================================================================
Received Import Request.
  Time since last request: 0.000019 seconds.
  path: Assets/UnityStore[]/Fantasy Skybox FREE/Cubemaps/FS017/Images/FS017_Day_Cubemap_down.png
  artifactKey: Guid(3ff2c9760785dd641953e7ccd7baa5a7) Importer(815301076,1909f56bfc062723c751e8b465ee728b)
Start importing Assets/UnityStore[]/Fantasy Skybox FREE/Cubemaps/FS017/Images/FS017_Day_Cubemap_down.png using Guid(3ff2c9760785dd641953e7ccd7baa5a7) Importer(815301076,1909f56bfc062723c751e8b465ee728b)  -> (artifact id: '8fb6d6e70d48fd7d75b6a5b57b371fa8') in 0.013751 seconds 
========================================================================
Received Import Request.
  Time since last request: 0.000025 seconds.
  path: Assets/UnityStore[]/Fantasy Skybox FREE/Cubemaps/FS003/Images/FS003_Night_Moonless_Cubemap_up.png
  artifactKey: Guid(b5f9d276d27d022429122ae306a99fbb) Importer(815301076,1909f56bfc062723c751e8b465ee728b)
Start importing Assets/UnityStore[]/Fantasy Skybox FREE/Cubemaps/FS003/Images/FS003_Night_Moonless_Cubemap_up.png using Guid(b5f9d276d27d022429122ae306a99fbb) Importer(815301076,1909f56bfc062723c751e8b465ee728b)  -> (artifact id: '566f0fade8a7a993ef4f20ed6171872e') in 0.012438 seconds 
========================================================================
Received Import Request.
  Time since last request: 0.000021 seconds.
  path: Assets/UnityStore[]/Fantasy Skybox FREE/Cubemaps/FS003/Images/FS003_Day_Cubemap_back.png
  artifactKey: Guid(053862ed1dc452242a15c437adaee625) Importer(815301076,1909f56bfc062723c751e8b465ee728b)
Start importing Assets/UnityStore[]/Fantasy Skybox FREE/Cubemaps/FS003/Images/FS003_Day_Cubemap_back.png using Guid(053862ed1dc452242a15c437adaee625) Importer(815301076,1909f56bfc062723c751e8b465ee728b)  -> (artifact id: '13a9806e4ad175fa249a8b26e5d58e2d') in 0.012938 seconds 
========================================================================
Received Import Request.
  Time since last request: 0.000024 seconds.
  path: Assets/UnityStore[]/Fantasy Skybox FREE/Panoramics/FS003/FS003_Day_Sunless.png
  artifactKey: Guid(99b254ad4e7668d419be526ebb66b549) Importer(815301076,1909f56bfc062723c751e8b465ee728b)
Start importing Assets/UnityStore[]/Fantasy Skybox FREE/Panoramics/FS003/FS003_Day_Sunless.png using Guid(99b254ad4e7668d419be526ebb66b549) Importer(815301076,1909f56bfc062723c751e8b465ee728b)  -> (artifact id: '58b281344f54547ea283d37bb43c1a2b') in 0.010835 seconds 
========================================================================
Received Import Request.
  Time since last request: 0.000018 seconds.
  path: Assets/UnityStore[]/Fantasy Skybox FREE/Cubemaps/FS017/Images/FS017_Night_Cubemap_back.png
  artifactKey: Guid(fd0a573276626584da3f1293fcd7f797) Importer(815301076,1909f56bfc062723c751e8b465ee728b)
Start importing Assets/UnityStore[]/Fantasy Skybox FREE/Cubemaps/FS017/Images/FS017_Night_Cubemap_back.png using Guid(fd0a573276626584da3f1293fcd7f797) Importer(815301076,1909f56bfc062723c751e8b465ee728b)  -> (artifact id: 'd9d9c2991d2b2c10da56f8c8f7af0e20') in 0.012658 seconds 
========================================================================
Received Import Request.
  Time since last request: 0.000019 seconds.
  path: Assets/UnityStore[]/Fantasy Skybox FREE/Cubemaps/FS017/Images/FS017_Rainy_Cubemap_front.png
  artifactKey: Guid(73b8b1e94ef7fd841aaca0854f7252ec) Importer(815301076,1909f56bfc062723c751e8b465ee728b)
Start importing Assets/UnityStore[]/Fantasy Skybox FREE/Cubemaps/FS017/Images/FS017_Rainy_Cubemap_front.png using Guid(73b8b1e94ef7fd841aaca0854f7252ec) Importer(815301076,1909f56bfc062723c751e8b465ee728b)  -> (artifact id: '1379442abd85d110c85446cf858b1353') in 0.010858 seconds 
========================================================================
Received Import Request.
  Time since last request: 0.000023 seconds.
  path: Assets/UnityStore[]/Fantasy Skybox FREE/Panoramics/FS013/FS013_Night.png
  artifactKey: Guid(134608dbb5b4b3e458e3567b13281134) Importer(815301076,1909f56bfc062723c751e8b465ee728b)
Start importing Assets/UnityStore[]/Fantasy Skybox FREE/Panoramics/FS013/FS013_Night.png using Guid(134608dbb5b4b3e458e3567b13281134) Importer(815301076,1909f56bfc062723c751e8b465ee728b)  -> (artifact id: '562318baaaa04169da7753bd29191211') in 0.012478 seconds 
========================================================================
Received Import Request.
  Time since last request: 0.000018 seconds.
  path: Assets/UnityStore[]/Fantasy Skybox FREE/Cubemaps/FS003/Images/FS003_Night_Cubemap_right.png
  artifactKey: Guid(ac106a3e54a514c45ba9ad57942afcfe) Importer(815301076,1909f56bfc062723c751e8b465ee728b)
Start importing Assets/UnityStore[]/Fantasy Skybox FREE/Cubemaps/FS003/Images/FS003_Night_Cubemap_right.png using Guid(ac106a3e54a514c45ba9ad57942afcfe) Importer(815301076,1909f56bfc062723c751e8b465ee728b)  -> (artifact id: 'ebd2663e2540d77c54d30f9307b9c7c8') in 0.013530 seconds 
========================================================================
Received Import Request.
  Time since last request: 0.000018 seconds.
  path: Assets/UnityStore[]/Pirate_Ship_Pack/Textures/medium_ship_d2.png
  artifactKey: Guid(c46e3b029f800fd4bb4daf41fac4b9e7) Importer(815301076,1909f56bfc062723c751e8b465ee728b)
Start importing Assets/UnityStore[]/Pirate_Ship_Pack/Textures/medium_ship_d2.png using Guid(c46e3b029f800fd4bb4daf41fac4b9e7) Importer(815301076,1909f56bfc062723c751e8b465ee728b)  -> (artifact id: '1b8b4364e1d455fffcc9218941dbac63') in 0.011139 seconds 
========================================================================
Received Import Request.
  Time since last request: 0.000020 seconds.
  path: Assets/UnityStore[]/Fantasy Skybox FREE/Cubemaps/FS013/Images/FS013_Rainy_Cubemap_right.png
  artifactKey: Guid(bc317a9e5d9738e4baa80940350d89a4) Importer(815301076,1909f56bfc062723c751e8b465ee728b)
Start importing Assets/UnityStore[]/Fantasy Skybox FREE/Cubemaps/FS013/Images/FS013_Rainy_Cubemap_right.png using Guid(bc317a9e5d9738e4baa80940350d89a4) Importer(815301076,1909f56bfc062723c751e8b465ee728b)  -> (artifact id: '6a7af46a282d6dd900b9145068368a4a') in 0.012251 seconds 
========================================================================
Received Import Request.
  Time since last request: 0.000024 seconds.
  path: Assets/UnityStore[]/Fantasy Skybox FREE/Cubemaps/FS017/Images/FS017_Night_Cubemap_right.png
  artifactKey: Guid(0123ad43ba83faf47a3fa02276ba03c9) Importer(815301076,1909f56bfc062723c751e8b465ee728b)
Start importing Assets/UnityStore[]/Fantasy Skybox FREE/Cubemaps/FS017/Images/FS017_Night_Cubemap_right.png using Guid(0123ad43ba83faf47a3fa02276ba03c9) Importer(815301076,1909f56bfc062723c751e8b465ee728b)  -> (artifact id: '63cf590e42b9283d2c2f3eed34381810') in 0.010833 seconds 
========================================================================
Received Import Request.
  Time since last request: 0.000025 seconds.
  path: Assets/UnityStore[]/Fantasy Skybox FREE/Cubemaps/FS013/Images/FS013_Day_Cubemap_right.png
  artifactKey: Guid(e4f3a493b7f435a4d847b7a0f2d6427a) Importer(815301076,1909f56bfc062723c751e8b465ee728b)
Start importing Assets/UnityStore[]/Fantasy Skybox FREE/Cubemaps/FS013/Images/FS013_Day_Cubemap_right.png using Guid(e4f3a493b7f435a4d847b7a0f2d6427a) Importer(815301076,1909f56bfc062723c751e8b465ee728b)  -> (artifact id: '042a9c3ce4550b18e2b560dd3e35a349') in 0.012072 seconds 
========================================================================
Received Import Request.
  Time since last request: 0.000023 seconds.
  path: Assets/UnityStore[]/Fantasy Skybox FREE/Cubemaps/FS013/Images/FS013_Rainy_Cubemap_up.png
  artifactKey: Guid(166eb4492b246544b98bba2bae5321f0) Importer(815301076,1909f56bfc062723c751e8b465ee728b)
Start importing Assets/UnityStore[]/Fantasy Skybox FREE/Cubemaps/FS013/Images/FS013_Rainy_Cubemap_up.png using Guid(166eb4492b246544b98bba2bae5321f0) Importer(815301076,1909f56bfc062723c751e8b465ee728b)  -> (artifact id: '6f5d5c291e385e8695df60bd88e9fbd0') in 0.013183 seconds 
========================================================================
Received Import Request.
  Time since last request: 0.000020 seconds.
  path: Assets/UnityStore[]/Fantasy Skybox FREE/Cubemaps/FS002/Images/FS002_Sunset_Cubemap_front.png
  artifactKey: Guid(6d8406ccba0700c4886ae844afb80f57) Importer(815301076,1909f56bfc062723c751e8b465ee728b)
Start importing Assets/UnityStore[]/Fantasy Skybox FREE/Cubemaps/FS002/Images/FS002_Sunset_Cubemap_front.png using Guid(6d8406ccba0700c4886ae844afb80f57) Importer(815301076,1909f56bfc062723c751e8b465ee728b)  -> (artifact id: '7d08b4dbe9efa57987a805c153e7805e') in 0.014046 seconds 
========================================================================
Received Import Request.
  Time since last request: 0.000025 seconds.
  path: Assets/UnityStore[]/Fantasy Skybox FREE/Cubemaps/FS003/Images/FS003_Rainy_Cubemap_front.png
  artifactKey: Guid(6476e51a829c0fa4ebea0c0d2bbd0b72) Importer(815301076,1909f56bfc062723c751e8b465ee728b)
Start importing Assets/UnityStore[]/Fantasy Skybox FREE/Cubemaps/FS003/Images/FS003_Rainy_Cubemap_front.png using Guid(6476e51a829c0fa4ebea0c0d2bbd0b72) Importer(815301076,1909f56bfc062723c751e8b465ee728b)  -> (artifact id: '4e8f05212569dabf17e8d581d5a63a45') in 0.011242 seconds 
========================================================================
Received Import Request.
  Time since last request: 0.000019 seconds.
  path: Assets/UnityStore[]/Fantasy Skybox FREE/Cubemaps/FS003/Images/FS003_Day_Cubemap_left.png
  artifactKey: Guid(8c7c4d20a1cfc9741a5fa3928843f518) Importer(815301076,1909f56bfc062723c751e8b465ee728b)
Start importing Assets/UnityStore[]/Fantasy Skybox FREE/Cubemaps/FS003/Images/FS003_Day_Cubemap_left.png using Guid(8c7c4d20a1cfc9741a5fa3928843f518) Importer(815301076,1909f56bfc062723c751e8b465ee728b)  -> (artifact id: '0a7fe81ee58e040e8ff3f2dd75c43254') in 0.011851 seconds 
========================================================================
Received Import Request.
  Time since last request: 0.000020 seconds.
  path: Assets/UnityStore[]/Fantasy Skybox FREE/Cubemaps/FS017/Images/FS017_Sunset_Cubemap.cubemap
  artifactKey: Guid(b8367ff547c95374ab98593b7ea1a737) Importer(815301076,1909f56bfc062723c751e8b465ee728b)
Start importing Assets/UnityStore[]/Fantasy Skybox FREE/Cubemaps/FS017/Images/FS017_Sunset_Cubemap.cubemap using Guid(b8367ff547c95374ab98593b7ea1a737) Importer(815301076,1909f56bfc062723c751e8b465ee728b)  -> (artifact id: '73b46bd694e4de5b38b148a083b77c04') in 0.232347 seconds 
========================================================================
Received Import Request.
  Time since last request: 169.103885 seconds.
  path: Assets/VVScripts/UIUX Functions/HealthBarFunctionality.cs
  artifactKey: Guid(1433d51c35597ac459081768415ef05e) Importer(815301076,1909f56bfc062723c751e8b465ee728b)
Start importing Assets/VVScripts/UIUX Functions/HealthBarFunctionality.cs using Guid(1433d51c35597ac459081768415ef05e) Importer(815301076,1909f56bfc062723c751e8b465ee728b)  -> (artifact id: 'c369f62de621f85a84d804d3f0fe257b') in 0.007844 seconds 
========================================================================
Received Prepare
Registering precompiled user dll's ...
Registered in 0.006148 seconds.
Begin MonoManager ReloadAssembly
Symbol file LoadedFromMemory doesn't match image C:\Users\wotma\OneDrive\Documents\GitHub\RumRumble\VesselVictoryURP\Library\PackageCache\com.unity.visualscripting@1.8.0\Editor\VisualScripting.Core\Dependencies\YamlDotNet\Unity.VisualScripting.YamlDotNet.dll
Symbol file LoadedFromMemory doesn't match image C:\Users\wotma\OneDrive\Documents\GitHub\RumRumble\VesselVictoryURP\Library\PackageCache\com.unity.visualscripting@1.8.0\Editor\VisualScripting.Core\Dependencies\DotNetZip\Unity.VisualScripting.IonicZip.dll
Native extension for WindowsStandalone target not found
Refreshing native plugins compatible for Editor in 0.86 ms, found 3 plugins.
Preloading 0 native plugins for Editor in 0.00 ms.
Mono: successfully reloaded assembly
- Completed reload, in  0.820 seconds
Domain Reload Profiling:
	ReloadAssembly (821ms)
		BeginReloadAssembly (120ms)
			ExecutionOrderSort (0ms)
			DisableScriptedObjects (4ms)
			BackupInstance (0ms)
			ReleaseScriptingObjects (0ms)
			CreateAndSetChildDomain (30ms)
		EndReloadAssembly (618ms)
			LoadAssemblies (79ms)
			RebuildTransferFunctionScriptingTraits (0ms)
			SetupTypeCache (196ms)
			ReleaseScriptCaches (2ms)
			RebuildScriptCaches (34ms)
			SetupLoadedEditorAssemblies (293ms)
				LogAssemblyErrors (0ms)
				InitializePlatformSupportModulesInManaged (5ms)
				SetLoadedEditorAssemblies (0ms)
				RefreshPlugins (1ms)
				BeforeProcessingInitializeOnLoad (67ms)
				ProcessInitializeOnLoadAttributes (152ms)
				ProcessInitializeOnLoadMethodAttributes (60ms)
				AfterProcessingInitializeOnLoad (8ms)
				EditorAssembliesLoaded (0ms)
			ExecutionOrderSort2 (0ms)
			AwakeInstancesAfterBackupRestoration (5ms)
Platform modules already initialized, skipping
Refreshing native plugins compatible for Editor in 2.87 ms, found 3 plugins.
Preloading 0 native plugins for Editor in 0.00 ms.
Unloading 4645 Unused Serialized files (Serialized files now loaded: 0)
Unloading 24 unused Assets / (0.7 MB). Loaded Objects now: 5259.
Memory consumption went from 186.1 MB to 185.3 MB.
Total: 3.126100 ms (FindLiveObjects: 0.347200 ms CreateObjectMapping: 0.106900 ms MarkObjects: 2.389500 ms  DeleteObjects: 0.281400 ms)

AssetImportParameters requested are different than current active one (requested -> active):
  custom:video-decoder-ogg-theora: a1e56fd34408186e4bbccfd4996cb3dc -> 
  custom:container-muxer-webm: aa71ff27fc2769a1b78a27578f13a17b -> 
  custom:container-demuxer-webm: 4f35f7cbe854078d1ac9338744f61a02 -> 
  custom:video-encoder-webm-vp8: eb34c28f22e8b96e1ab97ce403110664 -> 
  custom:audio-encoder-webm-vorbis: bf7c407c2cedff20999df2af8eb42d56 -> 
  custom:framework-win-MediaFoundation: 216162199b28c13a410421893ffa2e32 -> 
  custom:container-demuxer-ogg: 62fdf1f143b41e24485cea50d1cbac27 -> 
  custom:video-decoder-webm-vp8: 9c59270c3fd7afecdb556c50c9e8de78 -> 
  custom:audio-decoder-ogg-vorbis: bf7c407c2cedff20999df2af8eb42d56 -> 
AssetImportWorkerClient::OnTransportError - code=10054 error=An existing connection was forcibly closed by the remote host.
